{"/home/travis/build/npmtest/node-npmtest-grunt-webfont/test.js":{"path":"/home/travis/build/npmtest/node-npmtest-grunt-webfont/test.js","s":{"1":2,"2":2,"3":2,"4":2,"5":2,"6":2,"7":2,"8":1,"9":2,"10":2,"11":1,"12":1,"13":1,"14":1,"15":2,"16":2,"17":2,"18":2,"19":1,"20":1,"21":2,"22":2,"23":2,"24":1,"25":1,"26":1,"27":1,"28":1,"29":1,"30":1,"31":1,"32":1,"33":1,"34":1,"35":1,"36":1,"37":2,"38":2,"39":1,"40":2,"41":2,"42":1,"43":2,"44":2,"45":1,"46":2,"47":2,"48":1,"49":1,"50":1,"51":1,"52":1},"b":{"1":[2,1,1,1],"2":[1,1,1,1],"3":[1,1],"4":[1,1],"5":[1,1],"6":[1,1],"7":[1,1],"8":[1,1],"9":[1,1,1],"10":[1,1],"11":[1,1],"12":[1,1],"13":[1,1],"14":[1,1],"15":[1,1],"16":[1,1]},"f":{"1":2,"2":2,"3":2,"4":2,"5":2,"6":1,"7":1,"8":2,"9":2,"10":2,"11":2,"12":1},"fnMap":{"1":{"name":"(anonymous_1)","line":12,"loc":{"start":{"line":12,"column":1},"end":{"line":12,"column":13}}},"2":{"name":"(anonymous_2)","line":19,"loc":{"start":{"line":19,"column":5},"end":{"line":19,"column":17}}},"3":{"name":"(anonymous_3)","line":23,"loc":{"start":{"line":23,"column":24},"end":{"line":23,"column":36}}},"4":{"name":"(anonymous_4)","line":61,"loc":{"start":{"line":61,"column":5},"end":{"line":61,"column":17}}},"5":{"name":"(anonymous_5)","line":82,"loc":{"start":{"line":82,"column":5},"end":{"line":82,"column":17}}},"6":{"name":"(anonymous_6)","line":102,"loc":{"start":{"line":102,"column":83},"end":{"line":105,"column":10}},"skip":true},"7":{"name":"(anonymous_7)","line":113,"loc":{"start":{"line":113,"column":77},"end":{"line":116,"column":10}},"skip":true},"8":{"name":"(anonymous_8)","line":129,"loc":{"start":{"line":129,"column":12},"end":{"line":129,"column":40}},"skip":true},"9":{"name":"(anonymous_9)","line":137,"loc":{"start":{"line":137,"column":77},"end":{"line":140,"column":10}},"skip":true},"10":{"name":"(anonymous_10)","line":148,"loc":{"start":{"line":148,"column":83},"end":{"line":151,"column":10}},"skip":true},"11":{"name":"(anonymous_11)","line":159,"loc":{"start":{"line":159,"column":79},"end":{"line":162,"column":10}},"skip":true},"12":{"name":"(anonymous_12)","line":170,"loc":{"start":{"line":170,"column":75},"end":{"line":173,"column":10}},"skip":true}},"statementMap":{"1":{"start":{"line":12,"column":0},"end":{"line":185,"column":5}},"2":{"start":{"line":14,"column":4},"end":{"line":14,"column":14}},"3":{"start":{"line":19,"column":4},"end":{"line":56,"column":9}},"4":{"start":{"line":21,"column":8},"end":{"line":21,"column":19}},"5":{"start":{"line":23,"column":8},"end":{"line":35,"column":13}},"6":{"start":{"line":24,"column":12},"end":{"line":34,"column":13}},"7":{"start":{"line":25,"column":16},"end":{"line":28,"column":30}},"8":{"start":{"line":30,"column":16},"end":{"line":33,"column":27}},"9":{"start":{"line":37,"column":8},"end":{"line":39,"column":21}},"10":{"start":{"line":40,"column":8},"end":{"line":53,"column":9}},"11":{"start":{"line":43,"column":12},"end":{"line":46,"column":14}},"12":{"start":{"line":47,"column":12},"end":{"line":47,"column":18}},"13":{"start":{"line":50,"column":12},"end":{"line":51,"column":46}},"14":{"start":{"line":52,"column":12},"end":{"line":52,"column":18}},"15":{"start":{"line":55,"column":8},"end":{"line":55,"column":35}},"16":{"start":{"line":61,"column":4},"end":{"line":63,"column":9}},"17":{"start":{"line":62,"column":8},"end":{"line":62,"column":15}},"18":{"start":{"line":64,"column":4},"end":{"line":77,"column":5}},"19":{"start":{"line":70,"column":8},"end":{"line":70,"column":14}},"20":{"start":{"line":76,"column":8},"end":{"line":76,"column":14}},"21":{"start":{"line":82,"column":4},"end":{"line":84,"column":9}},"22":{"start":{"line":83,"column":8},"end":{"line":83,"column":15}},"23":{"start":{"line":85,"column":4},"end":{"line":184,"column":5}},"24":{"start":{"line":92,"column":8},"end":{"line":94,"column":63}},"25":{"start":{"line":95,"column":8},"end":{"line":95,"column":14}},"26":{"start":{"line":102,"column":8},"end":{"line":111,"column":10},"skip":true},"27":{"start":{"line":109,"column":12},"end":{"line":109,"column":55},"skip":true},"28":{"start":{"line":110,"column":12},"end":{"line":110,"column":48},"skip":true},"29":{"start":{"line":113,"column":8},"end":{"line":126,"column":10},"skip":true},"30":{"start":{"line":120,"column":12},"end":{"line":120,"column":76},"skip":true},"31":{"start":{"line":121,"column":12},"end":{"line":121,"column":73},"skip":true},"32":{"start":{"line":122,"column":12},"end":{"line":122,"column":74},"skip":true},"33":{"start":{"line":123,"column":12},"end":{"line":123,"column":79},"skip":true},"34":{"start":{"line":124,"column":12},"end":{"line":124,"column":25},"skip":true},"35":{"start":{"line":125,"column":12},"end":{"line":125,"column":45},"skip":true},"36":{"start":{"line":128,"column":8},"end":{"line":135,"column":14},"skip":true},"37":{"start":{"line":133,"column":16},"end":{"line":133,"column":29},"skip":true},"38":{"start":{"line":134,"column":16},"end":{"line":134,"column":55},"skip":true},"39":{"start":{"line":137,"column":8},"end":{"line":146,"column":10},"skip":true},"40":{"start":{"line":144,"column":12},"end":{"line":144,"column":25},"skip":true},"41":{"start":{"line":145,"column":12},"end":{"line":145,"column":45},"skip":true},"42":{"start":{"line":148,"column":8},"end":{"line":157,"column":10},"skip":true},"43":{"start":{"line":155,"column":12},"end":{"line":155,"column":25},"skip":true},"44":{"start":{"line":156,"column":12},"end":{"line":156,"column":48},"skip":true},"45":{"start":{"line":159,"column":8},"end":{"line":168,"column":10},"skip":true},"46":{"start":{"line":166,"column":12},"end":{"line":166,"column":25},"skip":true},"47":{"start":{"line":167,"column":12},"end":{"line":167,"column":46},"skip":true},"48":{"start":{"line":170,"column":8},"end":{"line":179,"column":10},"skip":true},"49":{"start":{"line":177,"column":12},"end":{"line":177,"column":94},"skip":true},"50":{"start":{"line":178,"column":12},"end":{"line":178,"column":48},"skip":true},"51":{"start":{"line":182,"column":8},"end":{"line":182,"column":35},"skip":true},"52":{"start":{"line":183,"column":8},"end":{"line":183,"column":14},"skip":true}},"branchMap":{"1":{"line":25,"type":"binary-expr","locations":[{"start":{"line":25,"column":23},"end":{"line":25,"column":62}},{"start":{"line":26,"column":20},"end":{"line":26,"column":70}},{"start":{"line":27,"column":20},"end":{"line":27,"column":71}},{"start":{"line":28,"column":20},"end":{"line":28,"column":29}}]},"2":{"line":30,"type":"binary-expr","locations":[{"start":{"line":30,"column":23},"end":{"line":30,"column":37}},{"start":{"line":31,"column":20},"end":{"line":31,"column":61}},{"start":{"line":32,"column":20},"end":{"line":32,"column":70}},{"start":{"line":33,"column":20},"end":{"line":33,"column":26}}]},"3":{"line":37,"type":"cond-expr","locations":[{"start":{"line":38,"column":14},"end":{"line":38,"column":20}},{"start":{"line":39,"column":14},"end":{"line":39,"column":20}}]},"4":{"line":40,"type":"switch","locations":[{"start":{"line":42,"column":8},"end":{"line":47,"column":18}},{"start":{"line":49,"column":8},"end":{"line":52,"column":18}}]},"5":{"line":44,"type":"binary-expr","locations":[{"start":{"line":44,"column":16},"end":{"line":44,"column":44}},{"start":{"line":44,"column":48},"end":{"line":44,"column":66}}]},"6":{"line":50,"type":"binary-expr","locations":[{"start":{"line":50,"column":21},"end":{"line":50,"column":49}},{"start":{"line":50,"column":53},"end":{"line":50,"column":72}}]},"7":{"line":64,"type":"switch","locations":[{"start":{"line":69,"column":4},"end":{"line":70,"column":14}},{"start":{"line":75,"column":4},"end":{"line":76,"column":14}}]},"8":{"line":85,"type":"switch","locations":[{"start":{"line":90,"column":4},"end":{"line":95,"column":14}},{"start":{"line":101,"column":4},"end":{"line":183,"column":14},"skip":true}]},"9":{"line":92,"type":"binary-expr","locations":[{"start":{"line":92,"column":18},"end":{"line":92,"column":32}},{"start":{"line":93,"column":12},"end":{"line":93,"column":53}},{"start":{"line":94,"column":12},"end":{"line":94,"column":61}}]},"10":{"line":102,"type":"binary-expr","locations":[{"start":{"line":102,"column":45},"end":{"line":102,"column":79},"skip":true},{"start":{"line":102,"column":83},"end":{"line":111,"column":9},"skip":true}]},"11":{"line":113,"type":"binary-expr","locations":[{"start":{"line":113,"column":42},"end":{"line":113,"column":73},"skip":true},{"start":{"line":113,"column":77},"end":{"line":126,"column":9},"skip":true}]},"12":{"line":128,"type":"binary-expr","locations":[{"start":{"line":128,"column":48},"end":{"line":128,"column":85},"skip":true},{"start":{"line":129,"column":12},"end":{"line":135,"column":13},"skip":true}]},"13":{"line":137,"type":"binary-expr","locations":[{"start":{"line":137,"column":42},"end":{"line":137,"column":73},"skip":true},{"start":{"line":137,"column":77},"end":{"line":146,"column":9},"skip":true}]},"14":{"line":148,"type":"binary-expr","locations":[{"start":{"line":148,"column":45},"end":{"line":148,"column":79},"skip":true},{"start":{"line":148,"column":83},"end":{"line":157,"column":9},"skip":true}]},"15":{"line":159,"type":"binary-expr","locations":[{"start":{"line":159,"column":43},"end":{"line":159,"column":75},"skip":true},{"start":{"line":159,"column":79},"end":{"line":168,"column":9},"skip":true}]},"16":{"line":170,"type":"binary-expr","locations":[{"start":{"line":170,"column":41},"end":{"line":170,"column":71},"skip":true},{"start":{"line":170,"column":75},"end":{"line":179,"column":9},"skip":true}]}},"code":["/* istanbul instrument in package npmtest_grunt_webfont */","/*jslint","    bitwise: true,","    browser: true,","    maxerr: 8,","    maxlen: 96,","    node: true,","    nomen: true,","    regexp: true,","    stupid: true","*/","(function () {","    'use strict';","    var local;","","","","    // run shared js-env code - pre-init","    (function () {","        // init local","        local = {};","        // init modeJs","        local.modeJs = (function () {","            try {","                return typeof navigator.userAgent === 'string' &&","                    typeof document.querySelector('body') === 'object' &&","                    typeof XMLHttpRequest.prototype.open === 'function' &&","                    'browser';","            } catch (errorCaughtBrowser) {","                return module.exports &&","                    typeof process.versions.node === 'string' &&","                    typeof require('http').createServer === 'function' &&","                    'node';","            }","        }());","        // init global","        local.global = local.modeJs === 'browser'","            ? window","            : global;","        switch (local.modeJs) {","        // re-init local from window.local","        case 'browser':","            local = local.global.utility2.objectSetDefault(","                local.global.utility2_rollup || local.global.local,","                local.global.utility2","            );","            break;","        // re-init local from example.js","        case 'node':","            local = (local.global.utility2_rollup || require('utility2'))","                .requireExampleJsFromReadme();","            break;","        }","        // export local","        local.global.local = local;","    }());","","","","    // run shared js-env code - function","    (function () {","        return;","    }());","    switch (local.modeJs) {","","","","    // run browser js-env code - function","    case 'browser':","        break;","","","","    // run node js-env code - function","    case 'node':","        break;","    }","","","","    // run shared js-env code - post-init","    (function () {","        return;","    }());","    switch (local.modeJs) {","","","","    // run browser js-env code - post-init","    case 'browser':","        // run tests","        local.nop(local.modeTest &&","            document.querySelector('#testRunButton1') &&","            document.querySelector('#testRunButton1').click());","        break;","","","","    // run node js-env code - post-init","    /* istanbul ignore next */","    case 'node':","        local.testCase_buildApidoc_default = local.testCase_buildApidoc_default || function (","            options,","            onError","        ) {","        /*","         * this function will test buildApidoc's default handling-behavior-behavior","         */","            options = { modulePathList: module.paths };","            local.buildApidoc(options, onError);","        };","","        local.testCase_buildApp_default = local.testCase_buildApp_default || function (","            options,","            onError","        ) {","        /*","         * this function will test buildApp's default handling-behavior-behavior","         */","            local.testCase_buildReadme_default(options, local.onErrorThrow);","            local.testCase_buildLib_default(options, local.onErrorThrow);","            local.testCase_buildTest_default(options, local.onErrorThrow);","            local.testCase_buildCustomOrg_default(options, local.onErrorThrow);","            options = [];","            local.buildApp(options, onError);","        };","","        local.testCase_buildCustomOrg_default = local.testCase_buildCustomOrg_default ||","            function (options, onError) {","            /*","             * this function will test buildCustomOrg's default handling-behavior","             */","                options = {};","                local.buildCustomOrg(options, onError);","            };","","        local.testCase_buildLib_default = local.testCase_buildLib_default || function (","            options,","            onError","        ) {","        /*","         * this function will test buildLib's default handling-behavior","         */","            options = {};","            local.buildLib(options, onError);","        };","","        local.testCase_buildReadme_default = local.testCase_buildReadme_default || function (","            options,","            onError","        ) {","        /*","         * this function will test buildReadme's default handling-behavior-behavior","         */","            options = {};","            local.buildReadme(options, onError);","        };","","        local.testCase_buildTest_default = local.testCase_buildTest_default || function (","            options,","            onError","        ) {","        /*","         * this function will test buildTest's default handling-behavior","         */","            options = {};","            local.buildTest(options, onError);","        };","","        local.testCase_webpage_default = local.testCase_webpage_default || function (","            options,","            onError","        ) {","        /*","         * this function will test webpage's default handling-behavior","         */","            options = { modeCoverageMerge: true, url: local.serverLocalHost + '?modeTest=1' };","            local.browserTest(options, onError);","        };","","        // run test-server","        local.testRunServer(local);","        break;","    }","}());",""],"l":{"12":2,"14":2,"19":2,"21":2,"23":2,"24":2,"25":2,"30":1,"37":2,"40":2,"43":1,"47":1,"50":1,"52":1,"55":2,"61":2,"62":2,"64":2,"70":1,"76":1,"82":2,"83":2,"85":2,"92":1,"95":1,"102":1,"109":1,"110":1,"113":1,"120":1,"121":1,"122":1,"123":1,"124":1,"125":1,"128":1,"133":2,"134":2,"137":1,"144":2,"145":2,"148":1,"155":2,"156":2,"159":1,"166":2,"167":2,"170":1,"177":1,"178":1,"182":1,"183":1}},"/home/travis/build/npmtest/node-npmtest-grunt-webfont/lib.npmtest_grunt_webfont.js":{"path":"/home/travis/build/npmtest/node-npmtest-grunt-webfont/lib.npmtest_grunt_webfont.js","s":{"1":2,"2":2,"3":2,"4":2,"5":2,"6":2,"7":2,"8":1,"9":2,"10":2,"11":2,"12":2,"13":1,"14":1,"15":1,"16":1},"b":{"1":[2,1,1,1],"2":[1,1,1,1],"3":[1,1],"4":[2,2],"5":[1,1]},"f":{"1":2,"2":2,"3":2},"fnMap":{"1":{"name":"(anonymous_1)","line":12,"loc":{"start":{"line":12,"column":1},"end":{"line":12,"column":13}}},"2":{"name":"(anonymous_2)","line":19,"loc":{"start":{"line":19,"column":5},"end":{"line":19,"column":17}}},"3":{"name":"(anonymous_3)","line":23,"loc":{"start":{"line":23,"column":24},"end":{"line":23,"column":36}}}},"statementMap":{"1":{"start":{"line":12,"column":0},"end":{"line":53,"column":5}},"2":{"start":{"line":14,"column":4},"end":{"line":14,"column":14}},"3":{"start":{"line":19,"column":4},"end":{"line":52,"column":9}},"4":{"start":{"line":21,"column":8},"end":{"line":21,"column":19}},"5":{"start":{"line":23,"column":8},"end":{"line":35,"column":13}},"6":{"start":{"line":24,"column":12},"end":{"line":34,"column":13}},"7":{"start":{"line":25,"column":16},"end":{"line":28,"column":30}},"8":{"start":{"line":30,"column":16},"end":{"line":33,"column":27}},"9":{"start":{"line":37,"column":8},"end":{"line":39,"column":21}},"10":{"start":{"line":41,"column":8},"end":{"line":41,"column":54}},"11":{"start":{"line":43,"column":8},"end":{"line":43,"column":58}},"12":{"start":{"line":45,"column":8},"end":{"line":51,"column":9}},"13":{"start":{"line":46,"column":12},"end":{"line":46,"column":64}},"14":{"start":{"line":48,"column":12},"end":{"line":48,"column":35}},"15":{"start":{"line":49,"column":12},"end":{"line":49,"column":49}},"16":{"start":{"line":50,"column":12},"end":{"line":50,"column":43}}},"branchMap":{"1":{"line":25,"type":"binary-expr","locations":[{"start":{"line":25,"column":23},"end":{"line":25,"column":62}},{"start":{"line":26,"column":20},"end":{"line":26,"column":70}},{"start":{"line":27,"column":20},"end":{"line":27,"column":71}},{"start":{"line":28,"column":20},"end":{"line":28,"column":29}}]},"2":{"line":30,"type":"binary-expr","locations":[{"start":{"line":30,"column":23},"end":{"line":30,"column":37}},{"start":{"line":31,"column":20},"end":{"line":31,"column":61}},{"start":{"line":32,"column":20},"end":{"line":32,"column":70}},{"start":{"line":33,"column":20},"end":{"line":33,"column":26}}]},"3":{"line":37,"type":"cond-expr","locations":[{"start":{"line":38,"column":14},"end":{"line":38,"column":20}},{"start":{"line":39,"column":14},"end":{"line":39,"column":20}}]},"4":{"line":41,"type":"binary-expr","locations":[{"start":{"line":41,"column":16},"end":{"line":41,"column":44}},{"start":{"line":41,"column":48},"end":{"line":41,"column":53}}]},"5":{"line":45,"type":"if","locations":[{"start":{"line":45,"column":8},"end":{"line":45,"column":8}},{"start":{"line":45,"column":8},"end":{"line":45,"column":8}}]}},"code":["/* istanbul instrument in package npmtest_grunt_webfont */","/*jslint","    bitwise: true,","    browser: true,","    maxerr: 8,","    maxlen: 96,","    node: true,","    nomen: true,","    regexp: true,","    stupid: true","*/","(function () {","    'use strict';","    var local;","","","","    // run shared js-env code - pre-init","    (function () {","        // init local","        local = {};","        // init modeJs","        local.modeJs = (function () {","            try {","                return typeof navigator.userAgent === 'string' &&","                    typeof document.querySelector('body') === 'object' &&","                    typeof XMLHttpRequest.prototype.open === 'function' &&","                    'browser';","            } catch (errorCaughtBrowser) {","                return module.exports &&","                    typeof process.versions.node === 'string' &&","                    typeof require('http').createServer === 'function' &&","                    'node';","            }","        }());","        // init global","        local.global = local.modeJs === 'browser'","            ? window","            : global;","        // init utility2_rollup","        local = local.global.utility2_rollup || local;","        // init lib","        local.local = local.npmtest_grunt_webfont = local;","        // init exports","        if (local.modeJs === 'browser') {","            local.global.utility2_npmtest_grunt_webfont = local;","        } else {","            module.exports = local;","            module.exports.__dirname = __dirname;","            module.exports.module = module;","        }","    }());","}());",""],"l":{"12":2,"14":2,"19":2,"21":2,"23":2,"24":2,"25":2,"30":1,"37":2,"41":2,"43":2,"45":2,"46":1,"48":1,"49":1,"50":1}},"/home/travis/build/npmtest/node-npmtest-grunt-webfont/example.js":{"path":"/home/travis/build/npmtest/node-npmtest-grunt-webfont/example.js","s":{"1":2,"2":2,"3":2,"4":2,"5":2,"6":2,"7":2,"8":1,"9":2,"10":2,"11":2,"12":2,"13":1,"14":2,"15":2,"16":2,"17":2,"18":2,"19":0,"20":2,"21":1,"22":1,"23":1,"24":1,"25":1,"26":0,"27":0,"28":1,"29":1,"30":2,"31":0,"32":0,"33":0,"34":1,"35":2,"36":2,"37":2,"38":2,"39":2,"40":2,"41":0,"42":2,"43":2,"44":2,"45":1,"46":3,"47":1,"48":1,"49":1,"50":1,"51":1,"52":1,"53":1,"54":1,"55":1,"56":1,"57":0,"58":1,"59":6,"60":6,"61":1,"62":2,"63":0,"64":2,"65":1,"66":1,"67":0,"68":0,"69":0,"70":0,"71":0,"72":0,"73":0,"74":0,"75":0,"76":0,"77":0,"78":0,"79":0,"80":0,"81":0,"82":0,"83":0},"b":{"1":[2,1,1,1],"2":[1,1,1,1],"3":[1,1],"4":[2,2],"5":[1,1],"6":[1,1],"7":[2,0],"8":[2,1,1,1,1,1],"9":[0,2,0],"10":[1,1],"11":[2,1,1],"12":[1,0],"13":[0,2],"14":[2,0,0,0,0,0,0],"15":[0,2],"16":[2,0],"17":[1,1],"18":[0,1],"19":[1,2,0,2],"20":[1,0],"21":[1,1],"22":[0,0],"23":[0,0],"24":[0,0],"25":[0,0],"26":[0,0],"27":[0,0],"28":[0,0]},"f":{"1":2,"2":2,"3":2,"4":2,"5":2,"6":2,"7":2,"8":2,"9":3,"10":1,"11":6,"12":0},"fnMap":{"1":{"name":"(anonymous_1)","line":26,"loc":{"start":{"line":26,"column":1},"end":{"line":26,"column":13}}},"2":{"name":"(anonymous_2)","line":33,"loc":{"start":{"line":33,"column":5},"end":{"line":33,"column":17}}},"3":{"name":"(anonymous_3)","line":37,"loc":{"start":{"line":37,"column":24},"end":{"line":37,"column":36}}},"4":{"name":"(anonymous_4)","line":69,"loc":{"start":{"line":69,"column":31},"end":{"line":69,"column":48}},"skip":true},"5":{"name":"(anonymous_5)","line":78,"loc":{"start":{"line":78,"column":26},"end":{"line":78,"column":45}},"skip":true},"6":{"name":"(anonymous_6)","line":123,"loc":{"start":{"line":123,"column":33},"end":{"line":123,"column":48}},"skip":true},"7":{"name":"(anonymous_7)","line":125,"loc":{"start":{"line":125,"column":27},"end":{"line":125,"column":39}},"skip":true},"8":{"name":"(anonymous_8)","line":133,"loc":{"start":{"line":133,"column":59},"end":{"line":133,"column":74}},"skip":true},"9":{"name":"(anonymous_9)","line":143,"loc":{"start":{"line":143,"column":45},"end":{"line":143,"column":62}},"skip":true},"10":{"name":"(anonymous_10)","line":144,"loc":{"start":{"line":144,"column":73},"end":{"line":144,"column":92}},"skip":true},"11":{"name":"(anonymous_11)","line":272,"loc":{"start":{"line":272,"column":51},"end":{"line":272,"column":77}},"skip":true},"12":{"name":"(anonymous_12)","line":314,"loc":{"start":{"line":314,"column":32},"end":{"line":314,"column":61}},"skip":true}},"statementMap":{"1":{"start":{"line":26,"column":0},"end":{"line":325,"column":5}},"2":{"start":{"line":28,"column":4},"end":{"line":28,"column":14}},"3":{"start":{"line":33,"column":4},"end":{"line":60,"column":9}},"4":{"start":{"line":35,"column":8},"end":{"line":35,"column":19}},"5":{"start":{"line":37,"column":8},"end":{"line":49,"column":13}},"6":{"start":{"line":38,"column":12},"end":{"line":48,"column":13}},"7":{"start":{"line":39,"column":16},"end":{"line":42,"column":30}},"8":{"start":{"line":44,"column":16},"end":{"line":47,"column":27}},"9":{"start":{"line":51,"column":8},"end":{"line":53,"column":21}},"10":{"start":{"line":55,"column":8},"end":{"line":57,"column":45}},"11":{"start":{"line":59,"column":8},"end":{"line":59,"column":35}},"12":{"start":{"line":61,"column":4},"end":{"line":324,"column":5}},"13":{"start":{"line":69,"column":8},"end":{"line":121,"column":10},"skip":true},"14":{"start":{"line":70,"column":12},"end":{"line":88,"column":13},"skip":true},"15":{"start":{"line":76,"column":16},"end":{"line":87,"column":19},"skip":true},"16":{"start":{"line":79,"column":20},"end":{"line":86,"column":21},"skip":true},"17":{"start":{"line":82,"column":24},"end":{"line":82,"column":43},"skip":true},"18":{"start":{"line":83,"column":24},"end":{"line":83,"column":30},"skip":true},"19":{"start":{"line":85,"column":24},"end":{"line":85,"column":49},"skip":true},"20":{"start":{"line":89,"column":12},"end":{"line":107,"column":13},"skip":true},"21":{"start":{"line":92,"column":16},"end":{"line":102,"column":17},"skip":true},"22":{"start":{"line":93,"column":20},"end":{"line":93,"column":86},"skip":true},"23":{"start":{"line":94,"column":20},"end":{"line":95,"column":45},"skip":true},"24":{"start":{"line":96,"column":20},"end":{"line":96,"column":42},"skip":true},"25":{"start":{"line":97,"column":20},"end":{"line":97,"column":48},"skip":true},"26":{"start":{"line":100,"column":20},"end":{"line":100,"column":85},"skip":true},"27":{"start":{"line":101,"column":20},"end":{"line":101,"column":96},"skip":true},"28":{"start":{"line":103,"column":16},"end":{"line":103,"column":22},"skip":true},"29":{"start":{"line":106,"column":16},"end":{"line":106,"column":22},"skip":true},"30":{"start":{"line":108,"column":12},"end":{"line":120,"column":13},"skip":true},"31":{"start":{"line":114,"column":16},"end":{"line":119,"column":17},"skip":true},"32":{"start":{"line":116,"column":20},"end":{"line":116,"column":78},"skip":true},"33":{"start":{"line":118,"column":20},"end":{"line":118,"column":53},"skip":true},"34":{"start":{"line":123,"column":8},"end":{"line":141,"column":11},"skip":true},"35":{"start":{"line":124,"column":12},"end":{"line":124,"column":54},"skip":true},"36":{"start":{"line":125,"column":12},"end":{"line":140,"column":14},"skip":true},"37":{"start":{"line":126,"column":16},"end":{"line":126,"column":28},"skip":true},"38":{"start":{"line":127,"column":16},"end":{"line":127,"column":69},"skip":true},"39":{"start":{"line":128,"column":16},"end":{"line":128,"column":75},"skip":true},"40":{"start":{"line":129,"column":16},"end":{"line":131,"column":17},"skip":true},"41":{"start":{"line":130,"column":20},"end":{"line":130,"column":27},"skip":true},"42":{"start":{"line":133,"column":16},"end":{"line":137,"column":36},"skip":true},"43":{"start":{"line":134,"column":20},"end":{"line":136,"column":55},"skip":true},"44":{"start":{"line":139,"column":16},"end":{"line":139,"column":57},"skip":true},"45":{"start":{"line":143,"column":8},"end":{"line":147,"column":11},"skip":true},"46":{"start":{"line":144,"column":12},"end":{"line":146,"column":15},"skip":true},"47":{"start":{"line":145,"column":16},"end":{"line":145,"column":70},"skip":true},"48":{"start":{"line":149,"column":8},"end":{"line":149,"column":31},"skip":true},"49":{"start":{"line":150,"column":8},"end":{"line":150,"column":14},"skip":true},"50":{"start":{"line":158,"column":8},"end":{"line":158,"column":31},"skip":true},"51":{"start":{"line":160,"column":8},"end":{"line":160,"column":33},"skip":true},"52":{"start":{"line":161,"column":8},"end":{"line":161,"column":37},"skip":true},"53":{"start":{"line":162,"column":8},"end":{"line":162,"column":35},"skip":true},"54":{"start":{"line":164,"column":8},"end":{"line":164,"column":50},"skip":true},"55":{"start":{"line":166,"column":8},"end":{"line":256,"column":2},"skip":true},"56":{"start":{"line":258,"column":8},"end":{"line":286,"column":9},"skip":true},"57":{"start":{"line":259,"column":12},"end":{"line":269,"column":14},"skip":true},"58":{"start":{"line":271,"column":12},"end":{"line":285,"column":19},"skip":true},"59":{"start":{"line":274,"column":20},"end":{"line":274,"column":35},"skip":true},"60":{"start":{"line":275,"column":20},"end":{"line":284,"column":21},"skip":true},"61":{"start":{"line":277,"column":24},"end":{"line":277,"column":64},"skip":true},"62":{"start":{"line":279,"column":24},"end":{"line":279,"column":40},"skip":true},"63":{"start":{"line":281,"column":24},"end":{"line":281,"column":40},"skip":true},"64":{"start":{"line":283,"column":24},"end":{"line":283,"column":39},"skip":true},"65":{"start":{"line":288,"column":8},"end":{"line":290,"column":9},"skip":true},"66":{"start":{"line":289,"column":12},"end":{"line":289,"column":18},"skip":true},"67":{"start":{"line":291,"column":8},"end":{"line":293,"column":54},"skip":true},"68":{"start":{"line":294,"column":8},"end":{"line":301,"column":37},"skip":true},"69":{"start":{"line":302,"column":8},"end":{"line":302,"column":82},"skip":true},"70":{"start":{"line":305,"column":8},"end":{"line":307,"column":9},"skip":true},"71":{"start":{"line":306,"column":12},"end":{"line":306,"column":82},"skip":true},"72":{"start":{"line":309,"column":8},"end":{"line":311,"column":9},"skip":true},"73":{"start":{"line":310,"column":12},"end":{"line":310,"column":18},"skip":true},"74":{"start":{"line":312,"column":8},"end":{"line":312,"column":54},"skip":true},"75":{"start":{"line":313,"column":8},"end":{"line":313,"column":69},"skip":true},"76":{"start":{"line":314,"column":8},"end":{"line":322,"column":36},"skip":true},"77":{"start":{"line":315,"column":12},"end":{"line":315,"column":61},"skip":true},"78":{"start":{"line":316,"column":12},"end":{"line":319,"column":13},"skip":true},"79":{"start":{"line":317,"column":16},"end":{"line":317,"column":75},"skip":true},"80":{"start":{"line":318,"column":16},"end":{"line":318,"column":23},"skip":true},"81":{"start":{"line":320,"column":12},"end":{"line":320,"column":38},"skip":true},"82":{"start":{"line":321,"column":12},"end":{"line":321,"column":27},"skip":true},"83":{"start":{"line":323,"column":8},"end":{"line":323,"column":14},"skip":true}},"branchMap":{"1":{"line":39,"type":"binary-expr","locations":[{"start":{"line":39,"column":23},"end":{"line":39,"column":62}},{"start":{"line":40,"column":20},"end":{"line":40,"column":70}},{"start":{"line":41,"column":20},"end":{"line":41,"column":71}},{"start":{"line":42,"column":20},"end":{"line":42,"column":29}}]},"2":{"line":44,"type":"binary-expr","locations":[{"start":{"line":44,"column":23},"end":{"line":44,"column":37}},{"start":{"line":45,"column":20},"end":{"line":45,"column":61}},{"start":{"line":46,"column":20},"end":{"line":46,"column":70}},{"start":{"line":47,"column":20},"end":{"line":47,"column":26}}]},"3":{"line":51,"type":"cond-expr","locations":[{"start":{"line":52,"column":14},"end":{"line":52,"column":20}},{"start":{"line":53,"column":14},"end":{"line":53,"column":20}}]},"4":{"line":55,"type":"binary-expr","locations":[{"start":{"line":55,"column":16},"end":{"line":55,"column":44}},{"start":{"line":55,"column":49},"end":{"line":57,"column":43}}]},"5":{"line":55,"type":"cond-expr","locations":[{"start":{"line":56,"column":14},"end":{"line":56,"column":57}},{"start":{"line":57,"column":14},"end":{"line":57,"column":43}}]},"6":{"line":61,"type":"switch","locations":[{"start":{"line":68,"column":4},"end":{"line":150,"column":14},"skip":true},{"start":{"line":156,"column":4},"end":{"line":323,"column":14},"skip":true}]},"7":{"line":70,"type":"if","locations":[{"start":{"line":70,"column":12},"end":{"line":70,"column":12},"skip":true},{"start":{"line":70,"column":12},"end":{"line":70,"column":12},"skip":true}]},"8":{"line":70,"type":"binary-expr","locations":[{"start":{"line":70,"column":16},"end":{"line":70,"column":22},"skip":true},{"start":{"line":70,"column":27},"end":{"line":70,"column":32},"skip":true},{"start":{"line":71,"column":20},"end":{"line":71,"column":39},"skip":true},{"start":{"line":72,"column":20},"end":{"line":72,"column":49},"skip":true},{"start":{"line":73,"column":20},"end":{"line":73,"column":58},"skip":true},{"start":{"line":74,"column":20},"end":{"line":74,"column":69},"skip":true}]},"9":{"line":79,"type":"switch","locations":[{"start":{"line":80,"column":20},"end":{"line":80,"column":33},"skip":true},{"start":{"line":81,"column":20},"end":{"line":83,"column":30},"skip":true},{"start":{"line":84,"column":20},"end":{"line":85,"column":49},"skip":true}]},"10":{"line":89,"type":"switch","locations":[{"start":{"line":90,"column":12},"end":{"line":103,"column":22},"skip":true},{"start":{"line":105,"column":12},"end":{"line":106,"column":22},"skip":true}]},"11":{"line":89,"type":"binary-expr","locations":[{"start":{"line":89,"column":20},"end":{"line":89,"column":25},"skip":true},{"start":{"line":89,"column":29},"end":{"line":89,"column":48},"skip":true},{"start":{"line":89,"column":52},"end":{"line":89,"column":74},"skip":true}]},"12":{"line":92,"type":"if","locations":[{"start":{"line":92,"column":16},"end":{"line":92,"column":16},"skip":true},{"start":{"line":92,"column":16},"end":{"line":92,"column":16},"skip":true}]},"13":{"line":108,"type":"if","locations":[{"start":{"line":108,"column":12},"end":{"line":108,"column":12},"skip":true},{"start":{"line":108,"column":12},"end":{"line":108,"column":12},"skip":true}]},"14":{"line":108,"type":"binary-expr","locations":[{"start":{"line":108,"column":16},"end":{"line":108,"column":61},"skip":true},{"start":{"line":108,"column":66},"end":{"line":108,"column":72},"skip":true},{"start":{"line":108,"column":77},"end":{"line":108,"column":82},"skip":true},{"start":{"line":109,"column":20},"end":{"line":109,"column":39},"skip":true},{"start":{"line":110,"column":20},"end":{"line":110,"column":49},"skip":true},{"start":{"line":111,"column":20},"end":{"line":111,"column":58},"skip":true},{"start":{"line":112,"column":20},"end":{"line":112,"column":68},"skip":true}]},"15":{"line":129,"type":"if","locations":[{"start":{"line":129,"column":16},"end":{"line":129,"column":16},"skip":true},{"start":{"line":129,"column":16},"end":{"line":129,"column":16},"skip":true}]},"16":{"line":134,"type":"cond-expr","locations":[{"start":{"line":135,"column":26},"end":{"line":135,"column":29},"skip":true},{"start":{"line":136,"column":26},"end":{"line":136,"column":54},"skip":true}]},"17":{"line":164,"type":"binary-expr","locations":[{"start":{"line":164,"column":27},"end":{"line":164,"column":43},"skip":true},{"start":{"line":164,"column":47},"end":{"line":164,"column":49},"skip":true}]},"18":{"line":258,"type":"if","locations":[{"start":{"line":258,"column":8},"end":{"line":258,"column":8},"skip":true},{"start":{"line":258,"column":8},"end":{"line":258,"column":8},"skip":true}]},"19":{"line":275,"type":"switch","locations":[{"start":{"line":276,"column":20},"end":{"line":277,"column":64},"skip":true},{"start":{"line":278,"column":20},"end":{"line":279,"column":40},"skip":true},{"start":{"line":280,"column":20},"end":{"line":281,"column":40},"skip":true},{"start":{"line":282,"column":20},"end":{"line":283,"column":39},"skip":true}]},"20":{"line":288,"type":"if","locations":[{"start":{"line":288,"column":8},"end":{"line":288,"column":8},"skip":true},{"start":{"line":288,"column":8},"end":{"line":288,"column":8},"skip":true}]},"21":{"line":288,"type":"binary-expr","locations":[{"start":{"line":288,"column":12},"end":{"line":288,"column":40},"skip":true},{"start":{"line":288,"column":44},"end":{"line":288,"column":67},"skip":true}]},"22":{"line":292,"type":"binary-expr","locations":[{"start":{"line":292,"column":12},"end":{"line":292,"column":50},"skip":true},{"start":{"line":293,"column":12},"end":{"line":293,"column":53},"skip":true}]},"23":{"line":295,"type":"binary-expr","locations":[{"start":{"line":295,"column":12},"end":{"line":295,"column":71},"skip":true},{"start":{"line":296,"column":12},"end":{"line":301,"column":36},"skip":true}]},"24":{"line":302,"type":"binary-expr","locations":[{"start":{"line":302,"column":43},"end":{"line":302,"column":75},"skip":true},{"start":{"line":302,"column":79},"end":{"line":302,"column":81},"skip":true}]},"25":{"line":305,"type":"if","locations":[{"start":{"line":305,"column":8},"end":{"line":305,"column":8},"skip":true},{"start":{"line":305,"column":8},"end":{"line":305,"column":8},"skip":true}]},"26":{"line":309,"type":"if","locations":[{"start":{"line":309,"column":8},"end":{"line":309,"column":8},"skip":true},{"start":{"line":309,"column":8},"end":{"line":309,"column":8},"skip":true}]},"27":{"line":312,"type":"binary-expr","locations":[{"start":{"line":312,"column":27},"end":{"line":312,"column":43},"skip":true},{"start":{"line":312,"column":47},"end":{"line":312,"column":53},"skip":true}]},"28":{"line":316,"type":"if","locations":[{"start":{"line":316,"column":12},"end":{"line":316,"column":12},"skip":true},{"start":{"line":316,"column":12},"end":{"line":316,"column":12},"skip":true}]}},"code":["/*","example.js","","quickstart example","","instruction","    1. save this script as example.js","    2. run the shell command:","        $ npm install npmtest-grunt-webfont && PORT=8081 node example.js","    3. play with the browser-demo on http://127.0.0.1:8081","*/","","","","/* istanbul instrument in package npmtest_grunt_webfont */","/*jslint","    bitwise: true,","    browser: true,","    maxerr: 8,","    maxlen: 96,","    node: true,","    nomen: true,","    regexp: true,","    stupid: true","*/","(function () {","    'use strict';","    var local;","","","","    // run shared js-env code - pre-init","    (function () {","        // init local","        local = {};","        // init modeJs","        local.modeJs = (function () {","            try {","                return typeof navigator.userAgent === 'string' &&","                    typeof document.querySelector('body') === 'object' &&","                    typeof XMLHttpRequest.prototype.open === 'function' &&","                    'browser';","            } catch (errorCaughtBrowser) {","                return module.exports &&","                    typeof process.versions.node === 'string' &&","                    typeof require('http').createServer === 'function' &&","                    'node';","            }","        }());","        // init global","        local.global = local.modeJs === 'browser'","            ? window","            : global;","        // init utility2_rollup","        local = local.global.utility2_rollup || (local.modeJs === 'browser'","            ? local.global.utility2_npmtest_grunt_webfont","            : global.utility2_moduleExports);","        // export local","        local.global.local = local;","    }());","    switch (local.modeJs) {","","","","    // post-init","    // run browser js-env code - post-init","    /* istanbul ignore next */","    case 'browser':","        local.testRunBrowser = function (event) {","            if (!event || (event &&","                    event.currentTarget &&","                    event.currentTarget.className &&","                    event.currentTarget.className.includes &&","                    event.currentTarget.className.includes('onreset'))) {","                // reset output","                Array.from(","                    document.querySelectorAll('body > .resettable')","                ).forEach(function (element) {","                    switch (element.tagName) {","                    case 'INPUT':","                    case 'TEXTAREA':","                        element.value = '';","                        break;","                    default:","                        element.textContent = '';","                    }","                });","            }","            switch (event && event.currentTarget && event.currentTarget.id) {","            case 'testRunButton1':","                // show tests","                if (document.querySelector('#testReportDiv1').style.display === 'none') {","                    document.querySelector('#testReportDiv1').style.display = 'block';","                    document.querySelector('#testRunButton1').textContent =","                        'hide internal test';","                    local.modeTest = true;","                    local.testRunDefault(local);","                // hide tests","                } else {","                    document.querySelector('#testReportDiv1').style.display = 'none';","                    document.querySelector('#testRunButton1').textContent = 'run internal test';","                }","                break;","            // custom-case","            default:","                break;","            }","            if (document.querySelector('#inputTextareaEval1') && (!event || (event &&","                    event.currentTarget &&","                    event.currentTarget.className &&","                    event.currentTarget.className.includes &&","                    event.currentTarget.className.includes('oneval')))) {","                // try to eval input-code","                try {","                    /*jslint evil: true*/","                    eval(document.querySelector('#inputTextareaEval1').value);","                } catch (errorCaught) {","                    console.error(errorCaught.stack);","                }","            }","        };","        // log stderr and stdout to #outputTextareaStdout1","        ['error', 'log'].forEach(function (key) {","            console[key + '_original'] = console[key];","            console[key] = function () {","                var element;","                console[key + '_original'].apply(console, arguments);","                element = document.querySelector('#outputTextareaStdout1');","                if (!element) {","                    return;","                }","                // append text to #outputTextareaStdout1","                element.value += Array.from(arguments).map(function (arg) {","                    return typeof arg === 'string'","                        ? arg","                        : JSON.stringify(arg, null, 4);","                }).join(' ') + '\\n';","                // scroll textarea to bottom","                element.scrollTop = element.scrollHeight;","            };","        });","        // init event-handling","        ['change', 'click', 'keyup'].forEach(function (event) {","            Array.from(document.querySelectorAll('.on' + event)).forEach(function (element) {","                element.addEventListener(event, local.testRunBrowser);","            });","        });","        // run tests","        local.testRunBrowser();","        break;","","","","    // run node js-env code - post-init","    /* istanbul ignore next */","    case 'node':","        // export local","        module.exports = local;","        // require modules","        local.fs = require('fs');","        local.http = require('http');","        local.url = require('url');","        // init assets","        local.assetsDict = local.assetsDict || {};","        /* jslint-ignore-begin */","        local.assetsDict['/assets.index.template.html'] = '\\","<!doctype html>\\n\\","<html lang=\"en\">\\n\\","<head>\\n\\","<meta charset=\"UTF-8\">\\n\\","<meta name=\"viewport\" content=\"width=device-width, initial-scale=1\">\\n\\","<title>{{env.npm_package_name}} (v{{env.npm_package_version}})</title>\\n\\","<style>\\n\\","/*csslint\\n\\","    box-sizing: false,\\n\\","    universal-selector: false\\n\\","*/\\n\\","* {\\n\\","    box-sizing: border-box;\\n\\","}\\n\\","body {\\n\\","    background: #dde;\\n\\","    font-family: Arial, Helvetica, sans-serif;\\n\\","    margin: 2rem;\\n\\","}\\n\\","body > * {\\n\\","    margin-bottom: 1rem;\\n\\","}\\n\\",".utility2FooterDiv {\\n\\","    margin-top: 20px;\\n\\","    text-align: center;\\n\\","}\\n\\","</style>\\n\\","<style>\\n\\","/*csslint\\n\\","*/\\n\\","textarea {\\n\\","    font-family: monospace;\\n\\","    height: 10rem;\\n\\","    width: 100%;\\n\\","}\\n\\","textarea[readonly] {\\n\\","    background: #ddd;\\n\\","}\\n\\","</style>\\n\\","</head>\\n\\","<body>\\n\\","<!-- utility2-comment\\n\\","<div id=\"ajaxProgressDiv1\" style=\"background: #d00; height: 2px; left: 0; margin: 0; padding: 0; position: fixed; top: 0; transition: background 0.5s, width 1.5s; width: 25%;\"></div>\\n\\","utility2-comment -->\\n\\","<h1>\\n\\","<!-- utility2-comment\\n\\","    <a\\n\\","        {{#if env.npm_package_homepage}}\\n\\","        href=\"{{env.npm_package_homepage}}\"\\n\\","        {{/if env.npm_package_homepage}}\\n\\","        target=\"_blank\"\\n\\","    >\\n\\","utility2-comment -->\\n\\","        {{env.npm_package_name}} (v{{env.npm_package_version}})\\n\\","<!-- utility2-comment\\n\\","    </a>\\n\\","utility2-comment -->\\n\\","</h1>\\n\\","<h3>{{env.npm_package_description}}</h3>\\n\\","<!-- utility2-comment\\n\\","<h4><a download href=\"assets.app.js\">download standalone app</a></h4>\\n\\","<button class=\"onclick onreset\" id=\"testRunButton1\">run internal test</button><br>\\n\\","<div id=\"testReportDiv1\" style=\"display: none;\"></div>\\n\\","utility2-comment -->\\n\\","\\n\\","\\n\\","\\n\\","<label>stderr and stdout</label>\\n\\","<textarea class=\"resettable\" id=\"outputTextareaStdout1\" readonly></textarea>\\n\\","<!-- utility2-comment\\n\\","{{#if isRollup}}\\n\\","<script src=\"assets.app.js\"></script>\\n\\","{{#unless isRollup}}\\n\\","utility2-comment -->\\n\\","<script src=\"assets.utility2.rollup.js\"></script>\\n\\","<script src=\"jsonp.utility2._stateInit?callback=window.utility2._stateInit\"></script>\\n\\","<script src=\"assets.npmtest_grunt_webfont.rollup.js\"></script>\\n\\","<script src=\"assets.example.js\"></script>\\n\\","<script src=\"assets.test.js\"></script>\\n\\","<!-- utility2-comment\\n\\","{{/if isRollup}}\\n\\","utility2-comment -->\\n\\","<div class=\"utility2FooterDiv\">\\n\\","    [ this app was created with\\n\\","    <a href=\"https://github.com/kaizhu256/node-utility2\" target=\"_blank\">utility2</a>\\n\\","    ]\\n\\","</div>\\n\\","</body>\\n\\","</html>\\n\\","';","        /* jslint-ignore-end */","        if (local.templateRender) {","            local.assetsDict['/'] = local.templateRender(","                local.assetsDict['/assets.index.template.html'],","                {","                    env: local.objectSetDefault(local.env, {","                        npm_package_description: 'the greatest app in the world!',","                        npm_package_name: 'my-app',","                        npm_package_nameAlias: 'my_app',","                        npm_package_version: '0.0.1'","                    })","                }","            );","        } else {","            local.assetsDict['/'] = local.assetsDict['/assets.index.template.html']","                .replace((/\\{\\{env\\.(\\w+?)\\}\\}/g), function (match0, match1) {","                    // jslint-hack","                    String(match0);","                    switch (match1) {","                    case 'npm_package_description':","                        return 'the greatest app in the world!';","                    case 'npm_package_name':","                        return 'my-app';","                    case 'npm_package_nameAlias':","                        return 'my_app';","                    case 'npm_package_version':","                        return '0.0.1';","                    }","                });","        }","        // run the cli","        if (local.global.utility2_rollup || module !== require.main) {","            break;","        }","        local.assetsDict['/assets.example.js'] =","            local.assetsDict['/assets.example.js'] ||","            local.fs.readFileSync(__filename, 'utf8');","        local.assetsDict['/assets.npmtest_grunt_webfont.rollup.js'] =","            local.assetsDict['/assets.npmtest_grunt_webfont.rollup.js'] ||","            local.fs.readFileSync(","                // buildCustomOrg-hack","                local.npmtest_grunt_webfont.__dirname +","                    '/lib.npmtest_grunt_webfont.js',","                'utf8'","            ).replace((/^#!/), '//');","        local.assetsDict['/favicon.ico'] = local.assetsDict['/favicon.ico'] || '';","        // if $npm_config_timeout_exit exists,","        // then exit this process after $npm_config_timeout_exit ms","        if (Number(process.env.npm_config_timeout_exit)) {","            setTimeout(process.exit, Number(process.env.npm_config_timeout_exit));","        }","        // start server","        if (local.global.utility2_serverHttp1) {","            break;","        }","        process.env.PORT = process.env.PORT || '8081';","        console.error('server starting on port ' + process.env.PORT);","        local.http.createServer(function (request, response) {","            request.urlParsed = local.url.parse(request.url);","            if (local.assetsDict[request.urlParsed.pathname] !== undefined) {","                response.end(local.assetsDict[request.urlParsed.pathname]);","                return;","            }","            response.statusCode = 404;","            response.end();","        }).listen(process.env.PORT);","        break;","    }","}());",""],"l":{"26":2,"28":2,"33":2,"35":2,"37":2,"38":2,"39":2,"44":1,"51":2,"55":2,"59":2,"61":2,"69":1,"70":2,"76":2,"79":2,"82":2,"83":2,"85":1,"89":2,"92":1,"93":1,"94":1,"96":1,"97":1,"100":1,"101":1,"103":1,"106":1,"108":2,"114":1,"116":1,"118":1,"123":1,"124":2,"125":2,"126":2,"127":2,"128":2,"129":2,"130":1,"133":2,"134":2,"139":2,"143":1,"144":3,"145":1,"149":1,"150":1,"158":1,"160":1,"161":1,"162":1,"164":1,"166":1,"258":1,"259":1,"271":1,"274":6,"275":6,"277":1,"279":2,"281":1,"283":2,"288":1,"289":1,"291":1,"294":1,"302":1,"305":1,"306":1,"309":1,"310":1,"312":1,"313":1,"314":1,"315":1,"316":1,"317":1,"318":1,"320":1,"321":1,"323":1}},"/home/travis/build/npmtest/node-npmtest-grunt-webfont/grunt-webfont/tasks/webfont.js":{"path":"/home/travis/build/npmtest/node-npmtest-grunt-webfont/grunt-webfont/tasks/webfont.js","s":{"1":1,"2":0,"3":0,"4":0,"5":0,"6":0,"7":0,"8":0,"9":0,"10":0,"11":0,"12":0,"13":0,"14":0,"15":0,"16":0,"17":0,"18":0,"19":0,"20":0,"21":0,"22":0,"23":0,"24":0,"25":0,"26":0,"27":0,"28":0,"29":0,"30":0,"31":0,"32":0,"33":0,"34":0,"35":0,"36":0,"37":0,"38":0,"39":0,"40":0,"41":0,"42":0,"43":0,"44":0,"45":0,"46":0,"47":0,"48":0,"49":0,"50":0,"51":0,"52":0,"53":0,"54":0,"55":0,"56":0,"57":0,"58":0,"59":0,"60":0,"61":0,"62":0,"63":0,"64":0,"65":0,"66":0,"67":0,"68":0,"69":0,"70":0,"71":0,"72":0,"73":0,"74":0,"75":0,"76":0,"77":1,"78":0,"79":0,"80":0,"81":1,"82":0,"83":0,"84":0,"85":0,"86":0,"87":0,"88":0,"89":0,"90":0,"91":0,"92":1,"93":0,"94":0,"95":0,"96":0,"97":1,"98":0,"99":0,"100":0,"101":0,"102":1,"103":0,"104":0,"105":0,"106":0,"107":0,"108":0,"109":0,"110":0,"111":1,"112":0,"113":0,"114":0,"115":0,"116":0,"117":0,"118":0,"119":0,"120":0,"121":0,"122":1,"123":0,"124":0,"125":0,"126":0,"127":0,"128":0,"129":0,"130":1,"131":0,"132":0,"133":0,"134":0,"135":0,"136":0,"137":0,"138":0,"139":0,"140":0,"141":0,"142":0,"143":0,"144":0,"145":0,"146":0,"147":0,"148":0,"149":0,"150":0,"151":0,"152":0,"153":0,"154":0,"155":1,"156":0,"157":0,"158":0,"159":0,"160":0,"161":0,"162":0,"163":1,"164":0,"165":0,"166":0,"167":0,"168":0,"169":0,"170":0,"171":1,"172":0,"173":0,"174":1,"175":0,"176":0,"177":0,"178":0,"179":0,"180":0,"181":0,"182":0,"183":0,"184":0,"185":1,"186":0,"187":0,"188":0,"189":0,"190":0,"191":0,"192":0,"193":0,"194":0,"195":0,"196":0,"197":0,"198":0,"199":0,"200":0,"201":0,"202":0,"203":0,"204":0,"205":1,"206":0,"207":0,"208":0,"209":0,"210":0,"211":1,"212":0,"213":0,"214":0,"215":0,"216":0,"217":0,"218":0,"219":0,"220":0,"221":0,"222":0,"223":0,"224":1,"225":0,"226":0,"227":1,"228":0,"229":0,"230":0,"231":0,"232":0,"233":0,"234":0,"235":1,"236":0,"237":1,"238":0,"239":0,"240":0,"241":1,"242":0,"243":0,"244":0,"245":1,"246":0,"247":1,"248":0,"249":0,"250":0,"251":0,"252":0,"253":1,"254":0,"255":0,"256":0,"257":0,"258":0,"259":0,"260":1,"261":0,"262":0,"263":0,"264":0,"265":0,"266":0,"267":0,"268":0,"269":0,"270":0,"271":0,"272":0,"273":1,"274":0,"275":0,"276":0,"277":0,"278":0,"279":1,"280":0,"281":0,"282":0,"283":0,"284":1,"285":0,"286":0,"287":1,"288":0,"289":1,"290":0,"291":0,"292":1,"293":0,"294":0,"295":0,"296":0,"297":1,"298":0,"299":0,"300":0,"301":1,"302":0,"303":0,"304":0,"305":1,"306":0,"307":0,"308":0,"309":0,"310":1,"311":0},"b":{"1":[0,0],"2":[0,0],"3":[0,0],"4":[0,0],"5":[0,0],"6":[0,0],"7":[0,0,0],"8":[0,0,0,0],"9":[0,0,0,0],"10":[0,0,0,0],"11":[0,0,0,0],"12":[0,0],"13":[0,0],"14":[0,0],"15":[0,0],"16":[0,0,0],"17":[0,0],"18":[0,0],"19":[0,0],"20":[0,0],"21":[0,0],"22":[0,0],"23":[0,0],"24":[0,0],"25":[0,0],"26":[0,0],"27":[0,0],"28":[0,0],"29":[0,0],"30":[0,0],"31":[0,0],"32":[0,0],"33":[0,0],"34":[0,0],"35":[0,0],"36":[0,0],"37":[0,0],"38":[0,0],"39":[0,0],"40":[0,0],"41":[0,0],"42":[0,0],"43":[0,0],"44":[0,0],"45":[0,0],"46":[0,0],"47":[0,0],"48":[0,0],"49":[0,0],"50":[0,0],"51":[0,0],"52":[0,0],"53":[0,0],"54":[0,0],"55":[0,0],"56":[0,0],"57":[0,0],"58":[0,0],"59":[0,0],"60":[0,0],"61":[0,0],"62":[0,0],"63":[0,0],"64":[0,0],"65":[0,0],"66":[0,0],"67":[0,0],"68":[0,0],"69":[0,0],"70":[0,0],"71":[0,0],"72":[0,0],"73":[0,0],"74":[0,0],"75":[0,0],"76":[0,0],"77":[0,0],"78":[0,0],"79":[0,0],"80":[0,0],"81":[0,0],"82":[0,0]},"f":{"1":0,"2":0,"3":0,"4":0,"5":0,"6":0,"7":0,"8":0,"9":0,"10":0,"11":0,"12":0,"13":0,"14":0,"15":0,"16":0,"17":0,"18":0,"19":0,"20":0,"21":0,"22":0,"23":0,"24":0,"25":0,"26":0,"27":0,"28":0,"29":0,"30":0,"31":0,"32":0,"33":0,"34":0,"35":0,"36":0,"37":0,"38":0,"39":0,"40":0,"41":0,"42":0,"43":0,"44":0,"45":0,"46":0,"47":0,"48":0,"49":0,"50":0,"51":0,"52":0,"53":0,"54":0},"fnMap":{"1":{"name":"(anonymous_1)","line":8,"loc":{"start":{"line":8,"column":17},"end":{"line":8,"column":33}}},"2":{"name":"(anonymous_2)","line":23,"loc":{"start":{"line":23,"column":77},"end":{"line":23,"column":88}}},"3":{"name":"(anonymous_3)","line":29,"loc":{"start":{"line":29,"column":9},"end":{"line":29,"column":20}}},"4":{"name":"(anonymous_4)","line":32,"loc":{"start":{"line":32,"column":10},"end":{"line":32,"column":21}}},"5":{"name":"(anonymous_5)","line":35,"loc":{"start":{"line":35,"column":8},"end":{"line":35,"column":19}}},"6":{"name":"(anonymous_6)","line":38,"loc":{"start":{"line":38,"column":12},"end":{"line":38,"column":23}}},"7":{"name":"(anonymous_7)","line":145,"loc":{"start":{"line":145,"column":25},"end":{"line":145,"column":40}}},"8":{"name":"(anonymous_8)","line":154,"loc":{"start":{"line":154,"column":19},"end":{"line":154,"column":34}}},"9":{"name":"(anonymous_9)","line":174,"loc":{"start":{"line":174,"column":26},"end":{"line":174,"column":47}}},"10":{"name":"(anonymous_10)","line":178,"loc":{"start":{"line":178,"column":48},"end":{"line":178,"column":67}}},"11":{"name":"completeTask","line":210,"loc":{"start":{"line":210,"column":2},"end":{"line":210,"column":26}}},"12":{"name":"getHash","line":223,"loc":{"start":{"line":223,"column":2},"end":{"line":223,"column":21}}},"13":{"name":"(anonymous_13)","line":225,"loc":{"start":{"line":225,"column":19},"end":{"line":225,"column":34}}},"14":{"name":"createOutputDirs","line":252,"loc":{"start":{"line":252,"column":2},"end":{"line":252,"column":34}}},"15":{"name":"(anonymous_15)","line":253,"loc":{"start":{"line":253,"column":25},"end":{"line":253,"column":46}}},"16":{"name":"cleanOutputDir","line":265,"loc":{"start":{"line":265,"column":2},"end":{"line":265,"column":32}}},"17":{"name":"(anonymous_17)","line":268,"loc":{"start":{"line":268,"column":24},"end":{"line":268,"column":45}}},"18":{"name":"generateFont","line":278,"loc":{"start":{"line":278,"column":2},"end":{"line":278,"column":30}}},"19":{"name":"(anonymous_19)","line":280,"loc":{"start":{"line":280,"column":13},"end":{"line":280,"column":30}}},"20":{"name":"generateWoff2Font","line":300,"loc":{"start":{"line":300,"column":2},"end":{"line":300,"column":35}}},"21":{"name":"generateStylesheets","line":328,"loc":{"start":{"line":328,"column":2},"end":{"line":328,"column":37}}},"22":{"name":"(anonymous_22)","line":331,"loc":{"start":{"line":331,"column":20},"end":{"line":331,"column":35}}},"23":{"name":"generateStylesheet","line":349,"loc":{"start":{"line":349,"column":2},"end":{"line":349,"column":42}}},"24":{"name":"(anonymous_24)","line":354,"loc":{"start":{"line":354,"column":19},"end":{"line":354,"column":34}}},"25":{"name":"(anonymous_25)","line":356,"loc":{"start":{"line":356,"column":34},"end":{"line":356,"column":54}}},"26":{"name":"(anonymous_26)","line":365,"loc":{"start":{"line":365,"column":20},"end":{"line":365,"column":40}}},"27":{"name":"readCodepointsFromFile","line":400,"loc":{"start":{"line":400,"column":2},"end":{"line":400,"column":35}}},"28":{"name":"saveCodepointsToFile","line":414,"loc":{"start":{"line":414,"column":2},"end":{"line":414,"column":33}}},"29":{"name":"prepareBaseTemplateContext","line":428,"loc":{"start":{"line":428,"column":2},"end":{"line":428,"column":40}}},"30":{"name":"prepareHtmlTemplateContext","line":437,"loc":{"start":{"line":437,"column":2},"end":{"line":437,"column":40}}},"31":{"name":"generateCustomOutput","line":473,"loc":{"start":{"line":473,"column":2},"end":{"line":473,"column":46}}},"32":{"name":"generateCustomOutputs","line":516,"loc":{"start":{"line":516,"column":2},"end":{"line":516,"column":39}}},"33":{"name":"generateDemoHtml","line":532,"loc":{"start":{"line":532,"column":2},"end":{"line":532,"column":34}}},"34":{"name":"(anonymous_34)","line":544,"loc":{"start":{"line":544,"column":25},"end":{"line":544,"column":39}}},"35":{"name":"printDone","line":561,"loc":{"start":{"line":561,"column":2},"end":{"line":561,"column":27}}},"36":{"name":"optionToArray","line":578,"loc":{"start":{"line":578,"column":2},"end":{"line":578,"column":38}}},"37":{"name":"has","line":598,"loc":{"start":{"line":598,"column":2},"end":{"line":598,"column":33}}},"38":{"name":"option","line":609,"loc":{"start":{"line":609,"column":2},"end":{"line":609,"column":28}}},"39":{"name":"getNextCodepoint","line":623,"loc":{"start":{"line":623,"column":2},"end":{"line":623,"column":30}}},"40":{"name":"isSvgFile","line":636,"loc":{"start":{"line":636,"column":2},"end":{"line":636,"column":31}}},"41":{"name":"embedFont","line":646,"loc":{"start":{"line":646,"column":2},"end":{"line":646,"column":31}}},"42":{"name":"normalizePath","line":664,"loc":{"start":{"line":664,"column":2},"end":{"line":664,"column":35}}},"43":{"name":"generateFontSrc","line":685,"loc":{"start":{"line":685,"column":2},"end":{"line":685,"column":39}}},"44":{"name":"readTemplate","line":716,"loc":{"start":{"line":716,"column":2},"end":{"line":716,"column":57}}},"45":{"name":"renderTemplate","line":739,"loc":{"start":{"line":739,"column":2},"end":{"line":739,"column":45}}},"46":{"name":"template","line":756,"loc":{"start":{"line":756,"column":2},"end":{"line":756,"column":35}}},"47":{"name":"(anonymous_47)","line":757,"loc":{"start":{"line":757,"column":40},"end":{"line":757,"column":57}}},"48":{"name":"classnameize","line":768,"loc":{"start":{"line":768,"column":2},"end":{"line":768,"column":29}}},"49":{"name":"getCssFilePath","line":778,"loc":{"start":{"line":778,"column":2},"end":{"line":778,"column":38}}},"50":{"name":"getDemoFilePath","line":788,"loc":{"start":{"line":788,"column":2},"end":{"line":788,"column":29}}},"51":{"name":"getDemoPath","line":797,"loc":{"start":{"line":797,"column":2},"end":{"line":797,"column":25}}},"52":{"name":"saveHash","line":809,"loc":{"start":{"line":809,"column":2},"end":{"line":809,"column":40}}},"53":{"name":"readHash","line":822,"loc":{"start":{"line":822,"column":2},"end":{"line":822,"column":34}}},"54":{"name":"getHashPath","line":837,"loc":{"start":{"line":837,"column":2},"end":{"line":837,"column":37}}}},"statementMap":{"1":{"start":{"line":8,"column":0},"end":{"line":841,"column":2}},"2":{"start":{"line":11,"column":1},"end":{"line":11,"column":24}},"3":{"start":{"line":12,"column":1},"end":{"line":12,"column":28}},"4":{"start":{"line":13,"column":1},"end":{"line":13,"column":30}},"5":{"start":{"line":14,"column":1},"end":{"line":14,"column":28}},"6":{"start":{"line":15,"column":1},"end":{"line":15,"column":30}},"7":{"start":{"line":16,"column":1},"end":{"line":16,"column":32}},"8":{"start":{"line":17,"column":1},"end":{"line":17,"column":32}},"9":{"start":{"line":18,"column":1},"end":{"line":18,"column":38}},"10":{"start":{"line":19,"column":1},"end":{"line":19,"column":27}},"11":{"start":{"line":20,"column":1},"end":{"line":20,"column":39}},"12":{"start":{"line":21,"column":1},"end":{"line":21,"column":33}},"13":{"start":{"line":23,"column":1},"end":{"line":840,"column":4}},"14":{"start":{"line":28,"column":2},"end":{"line":41,"column":4}},"15":{"start":{"line":30,"column":4},"end":{"line":30,"column":42}},"16":{"start":{"line":33,"column":4},"end":{"line":33,"column":38}},"17":{"start":{"line":36,"column":4},"end":{"line":36,"column":45}},"18":{"start":{"line":39,"column":4},"end":{"line":39,"column":49}},"19":{"start":{"line":43,"column":2},"end":{"line":43,"column":29}},"20":{"start":{"line":44,"column":2},"end":{"line":44,"column":25}},"21":{"start":{"line":45,"column":2},"end":{"line":45,"column":31}},"22":{"start":{"line":46,"column":2},"end":{"line":46,"column":37}},"23":{"start":{"line":51,"column":2},"end":{"line":51,"column":65}},"24":{"start":{"line":56,"column":2},"end":{"line":59,"column":3}},"25":{"start":{"line":57,"column":3},"end":{"line":58,"column":81}},"26":{"start":{"line":61,"column":2},"end":{"line":64,"column":3}},"27":{"start":{"line":62,"column":3},"end":{"line":62,"column":18}},"28":{"start":{"line":63,"column":3},"end":{"line":63,"column":10}},"29":{"start":{"line":67,"column":2},"end":{"line":67,"column":49}},"30":{"start":{"line":68,"column":2},"end":{"line":72,"column":3}},"31":{"start":{"line":69,"column":3},"end":{"line":69,"column":60}},"32":{"start":{"line":70,"column":3},"end":{"line":70,"column":18}},"33":{"start":{"line":71,"column":3},"end":{"line":71,"column":10}},"34":{"start":{"line":75,"column":2},"end":{"line":77,"column":3}},"35":{"start":{"line":76,"column":3},"end":{"line":76,"column":25}},"36":{"start":{"line":80,"column":2},"end":{"line":120,"column":4}},"37":{"start":{"line":122,"column":2},"end":{"line":138,"column":5}},"38":{"start":{"line":140,"column":2},"end":{"line":140,"column":21}},"39":{"start":{"line":141,"column":2},"end":{"line":141,"column":71}},"40":{"start":{"line":142,"column":2},"end":{"line":142,"column":75}},"41":{"start":{"line":145,"column":2},"end":{"line":147,"column":5}},"42":{"start":{"line":146,"column":3},"end":{"line":146,"column":57}},"43":{"start":{"line":151,"column":2},"end":{"line":151,"column":42}},"44":{"start":{"line":152,"column":2},"end":{"line":152,"column":39}},"45":{"start":{"line":152,"column":21},"end":{"line":152,"column":39}},"46":{"start":{"line":153,"column":2},"end":{"line":153,"column":64}},"47":{"start":{"line":153,"column":24},"end":{"line":153,"column":64}},"48":{"start":{"line":154,"column":2},"end":{"line":158,"column":5}},"49":{"start":{"line":155,"column":3},"end":{"line":157,"column":4}},"50":{"start":{"line":156,"column":4},"end":{"line":156,"column":44}},"51":{"start":{"line":159,"column":2},"end":{"line":159,"column":47}},"52":{"start":{"line":159,"column":24},"end":{"line":159,"column":47}},"53":{"start":{"line":162,"column":2},"end":{"line":162,"column":54}},"54":{"start":{"line":163,"column":2},"end":{"line":163,"column":72}},"55":{"start":{"line":164,"column":2},"end":{"line":192,"column":3}},"56":{"start":{"line":165,"column":3},"end":{"line":165,"column":105}},"57":{"start":{"line":166,"column":3},"end":{"line":166,"column":34}},"58":{"start":{"line":168,"column":3},"end":{"line":168,"column":49}},"59":{"start":{"line":169,"column":3},"end":{"line":186,"column":4}},"60":{"start":{"line":170,"column":4},"end":{"line":170,"column":30}},"61":{"start":{"line":173,"column":4},"end":{"line":173,"column":43}},"62":{"start":{"line":174,"column":4},"end":{"line":176,"column":7}},"63":{"start":{"line":175,"column":5},"end":{"line":175,"column":53}},"64":{"start":{"line":178,"column":4},"end":{"line":185,"column":7}},"65":{"start":{"line":179,"column":5},"end":{"line":179,"column":33}},"66":{"start":{"line":179,"column":20},"end":{"line":179,"column":33}},"67":{"start":{"line":180,"column":5},"end":{"line":183,"column":6}},"68":{"start":{"line":181,"column":6},"end":{"line":181,"column":54}},"69":{"start":{"line":182,"column":6},"end":{"line":182,"column":18}},"70":{"start":{"line":184,"column":5},"end":{"line":184,"column":18}},"71":{"start":{"line":187,"column":3},"end":{"line":191,"column":4}},"72":{"start":{"line":188,"column":4},"end":{"line":188,"column":85}},"73":{"start":{"line":189,"column":4},"end":{"line":189,"column":19}},"74":{"start":{"line":190,"column":4},"end":{"line":190,"column":11}},"75":{"start":{"line":195,"column":2},"end":{"line":195,"column":43}},"76":{"start":{"line":196,"column":2},"end":{"line":205,"column":19}},"77":{"start":{"line":210,"column":2},"end":{"line":215,"column":3}},"78":{"start":{"line":211,"column":3},"end":{"line":213,"column":4}},"79":{"start":{"line":212,"column":4},"end":{"line":212,"column":54}},"80":{"start":{"line":214,"column":3},"end":{"line":214,"column":13}},"81":{"start":{"line":223,"column":2},"end":{"line":245,"column":3}},"82":{"start":{"line":225,"column":3},"end":{"line":227,"column":6}},"83":{"start":{"line":226,"column":4},"end":{"line":226,"column":46}},"84":{"start":{"line":230,"column":3},"end":{"line":230,"column":33}},"85":{"start":{"line":233,"column":3},"end":{"line":233,"column":48}},"86":{"start":{"line":234,"column":3},"end":{"line":234,"column":35}},"87":{"start":{"line":237,"column":3},"end":{"line":239,"column":4}},"88":{"start":{"line":238,"column":4},"end":{"line":238,"column":52}},"89":{"start":{"line":240,"column":3},"end":{"line":242,"column":4}},"90":{"start":{"line":241,"column":4},"end":{"line":241,"column":60}},"91":{"start":{"line":244,"column":3},"end":{"line":244,"column":28}},"92":{"start":{"line":252,"column":2},"end":{"line":258,"column":3}},"93":{"start":{"line":253,"column":3},"end":{"line":255,"column":6}},"94":{"start":{"line":254,"column":4},"end":{"line":254,"column":52}},"95":{"start":{"line":256,"column":3},"end":{"line":256,"column":23}},"96":{"start":{"line":257,"column":3},"end":{"line":257,"column":10}},"97":{"start":{"line":265,"column":2},"end":{"line":271,"column":3}},"98":{"start":{"line":266,"column":3},"end":{"line":266,"column":80}},"99":{"start":{"line":267,"column":3},"end":{"line":267,"column":76}},"100":{"start":{"line":268,"column":3},"end":{"line":270,"column":12}},"101":{"start":{"line":269,"column":4},"end":{"line":269,"column":26}},"102":{"start":{"line":278,"column":2},"end":{"line":293,"column":3}},"103":{"start":{"line":279,"column":3},"end":{"line":279,"column":49}},"104":{"start":{"line":280,"column":3},"end":{"line":292,"column":6}},"105":{"start":{"line":281,"column":4},"end":{"line":285,"column":5}},"106":{"start":{"line":283,"column":5},"end":{"line":283,"column":20}},"107":{"start":{"line":284,"column":5},"end":{"line":284,"column":12}},"108":{"start":{"line":287,"column":4},"end":{"line":289,"column":5}},"109":{"start":{"line":288,"column":5},"end":{"line":288,"column":29}},"110":{"start":{"line":291,"column":4},"end":{"line":291,"column":11}},"111":{"start":{"line":300,"column":2},"end":{"line":321,"column":3}},"112":{"start":{"line":301,"column":3},"end":{"line":304,"column":4}},"113":{"start":{"line":302,"column":4},"end":{"line":302,"column":11}},"114":{"start":{"line":303,"column":4},"end":{"line":303,"column":11}},"115":{"start":{"line":307,"column":3},"end":{"line":307,"column":46}},"116":{"start":{"line":308,"column":3},"end":{"line":308,"column":46}},"117":{"start":{"line":311,"column":3},"end":{"line":313,"column":4}},"118":{"start":{"line":312,"column":4},"end":{"line":312,"column":31}},"119":{"start":{"line":316,"column":3},"end":{"line":316,"column":37}},"120":{"start":{"line":319,"column":3},"end":{"line":319,"column":50}},"121":{"start":{"line":320,"column":3},"end":{"line":320,"column":47}},"122":{"start":{"line":328,"column":2},"end":{"line":342,"column":3}},"123":{"start":{"line":330,"column":3},"end":{"line":330,"column":23}},"124":{"start":{"line":331,"column":3},"end":{"line":333,"column":6}},"125":{"start":{"line":332,"column":4},"end":{"line":332,"column":53}},"126":{"start":{"line":334,"column":3},"end":{"line":334,"column":29}},"127":{"start":{"line":337,"column":3},"end":{"line":337,"column":44}},"128":{"start":{"line":339,"column":3},"end":{"line":339,"column":45}},"129":{"start":{"line":341,"column":3},"end":{"line":341,"column":10}},"130":{"start":{"line":349,"column":2},"end":{"line":395,"column":3}},"131":{"start":{"line":350,"column":3},"end":{"line":350,"column":58}},"132":{"start":{"line":353,"column":3},"end":{"line":353,"column":27}},"133":{"start":{"line":354,"column":3},"end":{"line":361,"column":6}},"134":{"start":{"line":355,"column":4},"end":{"line":355,"column":36}},"135":{"start":{"line":355,"column":29},"end":{"line":355,"column":36}},"136":{"start":{"line":356,"column":4},"end":{"line":360,"column":7}},"137":{"start":{"line":357,"column":5},"end":{"line":359,"column":6}},"138":{"start":{"line":358,"column":6},"end":{"line":358,"column":54}},"139":{"start":{"line":364,"column":3},"end":{"line":364,"column":67}},"140":{"start":{"line":365,"column":3},"end":{"line":368,"column":6}},"141":{"start":{"line":367,"column":4},"end":{"line":367,"column":55}},"142":{"start":{"line":369,"column":3},"end":{"line":369,"column":28}},"143":{"start":{"line":372,"column":3},"end":{"line":372,"column":72}},"144":{"start":{"line":373,"column":3},"end":{"line":373,"column":72}},"145":{"start":{"line":373,"column":21},"end":{"line":373,"column":72}},"146":{"start":{"line":376,"column":3},"end":{"line":376,"column":61}},"147":{"start":{"line":376,"column":26},"end":{"line":376,"column":61}},"148":{"start":{"line":379,"column":3},"end":{"line":379,"column":48}},"149":{"start":{"line":380,"column":3},"end":{"line":380,"column":59}},"150":{"start":{"line":381,"column":3},"end":{"line":384,"column":6}},"151":{"start":{"line":386,"column":3},"end":{"line":386,"column":55}},"152":{"start":{"line":389,"column":3},"end":{"line":391,"column":4}},"153":{"start":{"line":390,"column":4},"end":{"line":390,"column":53}},"154":{"start":{"line":394,"column":3},"end":{"line":394,"column":53}},"155":{"start":{"line":400,"column":2},"end":{"line":409,"column":3}},"156":{"start":{"line":401,"column":3},"end":{"line":401,"column":36}},"157":{"start":{"line":401,"column":26},"end":{"line":401,"column":36}},"158":{"start":{"line":402,"column":3},"end":{"line":405,"column":4}},"159":{"start":{"line":403,"column":4},"end":{"line":403,"column":48}},"160":{"start":{"line":404,"column":4},"end":{"line":404,"column":14}},"161":{"start":{"line":407,"column":3},"end":{"line":407,"column":50}},"162":{"start":{"line":408,"column":3},"end":{"line":408,"column":40}},"163":{"start":{"line":414,"column":2},"end":{"line":423,"column":3}},"164":{"start":{"line":415,"column":3},"end":{"line":415,"column":33}},"165":{"start":{"line":415,"column":26},"end":{"line":415,"column":33}},"166":{"start":{"line":416,"column":3},"end":{"line":416,"column":66}},"167":{"start":{"line":417,"column":3},"end":{"line":422,"column":4}},"168":{"start":{"line":418,"column":4},"end":{"line":418,"column":59}},"169":{"start":{"line":419,"column":4},"end":{"line":419,"column":75}},"170":{"start":{"line":421,"column":4},"end":{"line":421,"column":30}},"171":{"start":{"line":428,"column":2},"end":{"line":431,"column":3}},"172":{"start":{"line":429,"column":3},"end":{"line":429,"column":33}},"173":{"start":{"line":430,"column":3},"end":{"line":430,"column":18}},"174":{"start":{"line":437,"column":2},"end":{"line":466,"column":3}},"175":{"start":{"line":439,"column":3},"end":{"line":439,"column":46}},"176":{"start":{"line":441,"column":3},"end":{"line":441,"column":18}},"177":{"start":{"line":444,"column":3},"end":{"line":444,"column":73}},"178":{"start":{"line":445,"column":3},"end":{"line":445,"column":79}},"179":{"start":{"line":446,"column":3},"end":{"line":446,"column":72}},"180":{"start":{"line":447,"column":3},"end":{"line":447,"column":72}},"181":{"start":{"line":449,"column":3},"end":{"line":457,"column":6}},"182":{"start":{"line":460,"column":3},"end":{"line":460,"column":55}},"183":{"start":{"line":461,"column":3},"end":{"line":463,"column":6}},"184":{"start":{"line":465,"column":3},"end":{"line":465,"column":18}},"185":{"start":{"line":473,"column":2},"end":{"line":510,"column":3}},"186":{"start":{"line":476,"column":3},"end":{"line":476,"column":46}},"187":{"start":{"line":477,"column":3},"end":{"line":477,"column":43}},"188":{"start":{"line":480,"column":3},"end":{"line":480,"column":44}},"189":{"start":{"line":481,"column":3},"end":{"line":481,"column":46}},"190":{"start":{"line":482,"column":3},"end":{"line":482,"column":42}},"191":{"start":{"line":485,"column":3},"end":{"line":485,"column":64}},"192":{"start":{"line":486,"column":3},"end":{"line":486,"column":50}},"193":{"start":{"line":489,"column":3},"end":{"line":489,"column":42}},"194":{"start":{"line":491,"column":3},"end":{"line":491,"column":16}},"195":{"start":{"line":492,"column":3},"end":{"line":492,"column":18}},"196":{"start":{"line":493,"column":3},"end":{"line":493,"column":16}},"197":{"start":{"line":495,"column":3},"end":{"line":505,"column":4}},"198":{"start":{"line":497,"column":4},"end":{"line":497,"column":22}},"199":{"start":{"line":498,"column":4},"end":{"line":498,"column":52}},"200":{"start":{"line":499,"column":4},"end":{"line":499,"column":41}},"201":{"start":{"line":503,"column":4},"end":{"line":503,"column":36}},"202":{"start":{"line":504,"column":4},"end":{"line":504,"column":20}},"203":{"start":{"line":508,"column":3},"end":{"line":508,"column":27}},"204":{"start":{"line":509,"column":3},"end":{"line":509,"column":38}},"205":{"start":{"line":516,"column":2},"end":{"line":525,"column":3}},"206":{"start":{"line":518,"column":3},"end":{"line":521,"column":4}},"207":{"start":{"line":519,"column":4},"end":{"line":519,"column":11}},"208":{"start":{"line":520,"column":4},"end":{"line":520,"column":11}},"209":{"start":{"line":523,"column":3},"end":{"line":523,"column":49}},"210":{"start":{"line":524,"column":3},"end":{"line":524,"column":10}},"211":{"start":{"line":532,"column":2},"end":{"line":554,"column":3}},"212":{"start":{"line":533,"column":3},"end":{"line":536,"column":4}},"213":{"start":{"line":534,"column":4},"end":{"line":534,"column":11}},"214":{"start":{"line":535,"column":4},"end":{"line":535,"column":11}},"215":{"start":{"line":538,"column":3},"end":{"line":538,"column":46}},"216":{"start":{"line":541,"column":3},"end":{"line":541,"column":72}},"217":{"start":{"line":542,"column":3},"end":{"line":542,"column":52}},"218":{"start":{"line":544,"column":3},"end":{"line":552,"column":6}},"219":{"start":{"line":545,"column":4},"end":{"line":548,"column":5}},"220":{"start":{"line":546,"column":5},"end":{"line":546,"column":21}},"221":{"start":{"line":547,"column":5},"end":{"line":547,"column":12}},"222":{"start":{"line":550,"column":4},"end":{"line":550,"column":46}},"223":{"start":{"line":551,"column":4},"end":{"line":551,"column":11}},"224":{"start":{"line":561,"column":2},"end":{"line":564,"column":3}},"225":{"start":{"line":562,"column":3},"end":{"line":562,"column":98}},"226":{"start":{"line":563,"column":3},"end":{"line":563,"column":10}},"227":{"start":{"line":578,"column":2},"end":{"line":589,"column":3}},"228":{"start":{"line":579,"column":3},"end":{"line":581,"column":4}},"229":{"start":{"line":580,"column":4},"end":{"line":580,"column":17}},"230":{"start":{"line":582,"column":3},"end":{"line":584,"column":4}},"231":{"start":{"line":583,"column":4},"end":{"line":583,"column":14}},"232":{"start":{"line":585,"column":3},"end":{"line":587,"column":4}},"233":{"start":{"line":586,"column":4},"end":{"line":586,"column":15}},"234":{"start":{"line":588,"column":3},"end":{"line":588,"column":37}},"235":{"start":{"line":598,"column":2},"end":{"line":600,"column":3}},"236":{"start":{"line":599,"column":3},"end":{"line":599,"column":42}},"237":{"start":{"line":609,"column":2},"end":{"line":616,"column":3}},"238":{"start":{"line":610,"column":3},"end":{"line":615,"column":4}},"239":{"start":{"line":611,"column":4},"end":{"line":611,"column":20}},"240":{"start":{"line":614,"column":4},"end":{"line":614,"column":24}},"241":{"start":{"line":623,"column":2},"end":{"line":628,"column":3}},"242":{"start":{"line":624,"column":3},"end":{"line":626,"column":4}},"243":{"start":{"line":625,"column":4},"end":{"line":625,"column":23}},"244":{"start":{"line":627,"column":3},"end":{"line":627,"column":27}},"245":{"start":{"line":636,"column":2},"end":{"line":638,"column":3}},"246":{"start":{"line":637,"column":3},"end":{"line":637,"column":58}},"247":{"start":{"line":646,"column":2},"end":{"line":656,"column":3}},"248":{"start":{"line":648,"column":3},"end":{"line":648,"column":53}},"249":{"start":{"line":649,"column":3},"end":{"line":649,"column":50}},"250":{"start":{"line":650,"column":3},"end":{"line":650,"column":88}},"251":{"start":{"line":653,"column":3},"end":{"line":653,"column":27}},"252":{"start":{"line":655,"column":3},"end":{"line":655,"column":18}},"253":{"start":{"line":664,"column":2},"end":{"line":676,"column":3}},"254":{"start":{"line":665,"column":3},"end":{"line":665,"column":41}},"255":{"start":{"line":665,"column":25},"end":{"line":665,"column":41}},"256":{"start":{"line":668,"column":3},"end":{"line":668,"column":43}},"257":{"start":{"line":671,"column":3},"end":{"line":673,"column":4}},"258":{"start":{"line":672,"column":4},"end":{"line":672,"column":20}},"259":{"start":{"line":675,"column":3},"end":{"line":675,"column":19}},"260":{"start":{"line":685,"column":2},"end":{"line":706,"column":3}},"261":{"start":{"line":686,"column":3},"end":{"line":686,"column":57}},"262":{"start":{"line":688,"column":3},"end":{"line":688,"column":11}},"263":{"start":{"line":689,"column":3},"end":{"line":700,"column":4}},"264":{"start":{"line":690,"column":4},"end":{"line":690,"column":49}},"265":{"start":{"line":693,"column":4},"end":{"line":693,"column":40}},"266":{"start":{"line":694,"column":4},"end":{"line":699,"column":5}},"267":{"start":{"line":695,"column":5},"end":{"line":698,"column":6}},"268":{"start":{"line":697,"column":6},"end":{"line":697,"column":54}},"269":{"start":{"line":702,"column":3},"end":{"line":702,"column":34}},"270":{"start":{"line":703,"column":3},"end":{"line":703,"column":60}},"271":{"start":{"line":703,"column":20},"end":{"line":703,"column":60}},"272":{"start":{"line":705,"column":3},"end":{"line":705,"column":14}},"273":{"start":{"line":716,"column":2},"end":{"line":730,"column":3}},"274":{"start":{"line":717,"column":3},"end":{"line":720,"column":4}},"275":{"start":{"line":721,"column":3},"end":{"line":729,"column":4}},"276":{"start":{"line":722,"column":4},"end":{"line":725,"column":6}},"277":{"start":{"line":727,"column":8},"end":{"line":729,"column":4}},"278":{"start":{"line":728,"column":4},"end":{"line":728,"column":73}},"279":{"start":{"line":739,"column":2},"end":{"line":747,"column":3}},"280":{"start":{"line":740,"column":3},"end":{"line":746,"column":4}},"281":{"start":{"line":741,"column":4},"end":{"line":741,"column":45}},"282":{"start":{"line":742,"column":4},"end":{"line":742,"column":25}},"283":{"start":{"line":745,"column":4},"end":{"line":745,"column":95}},"284":{"start":{"line":756,"column":2},"end":{"line":760,"column":3}},"285":{"start":{"line":757,"column":3},"end":{"line":759,"column":6}},"286":{"start":{"line":758,"column":4},"end":{"line":758,"column":24}},"287":{"start":{"line":768,"column":2},"end":{"line":770,"column":3}},"288":{"start":{"line":769,"column":3},"end":{"line":769,"column":44}},"289":{"start":{"line":778,"column":2},"end":{"line":781,"column":3}},"290":{"start":{"line":779,"column":3},"end":{"line":779,"column":62}},"291":{"start":{"line":780,"column":3},"end":{"line":780,"column":107}},"292":{"start":{"line":788,"column":2},"end":{"line":792,"column":3}},"293":{"start":{"line":789,"column":3},"end":{"line":789,"column":32}},"294":{"start":{"line":789,"column":20},"end":{"line":789,"column":32}},"295":{"start":{"line":790,"column":3},"end":{"line":790,"column":51}},"296":{"start":{"line":791,"column":3},"end":{"line":791,"column":48}},"297":{"sta
[...]
.update(fs.readFileSync(o.template, 'utf8'));","\t\t\t}","\t\t\tif (o.htmlDemoTemplate) {","\t\t\t\tmd5.update(fs.readFileSync(o.htmlDemoTemplate, 'utf8'));","\t\t\t}","","\t\t\treturn md5.digest('hex');","\t\t}","","\t\t/**","\t\t * Create output directory","\t\t *","\t\t * @param {Function} done","\t\t */","\t\tfunction createOutputDirs(done) {","\t\t\to.stylesheets.forEach(function(stylesheet) {","\t\t\t\tmkdirp.sync(option(o.destCssPaths, stylesheet));","\t\t\t});","\t\t\tmkdirp.sync(o.dest);","\t\t\tdone();","\t\t}","","\t\t/**","\t\t * Clean output directory","\t\t *","\t\t * @param {Function} done","\t\t */","\t\tfunction cleanOutputDir(done) {","\t\t\tvar htmlDemoFileMask = path.join(o.destCss, o.fontBaseName + '*.{css,html}');","\t\t\tvar files = glob.sync(htmlDemoFileMask).concat(wf.generatedFontFiles(o));","\t\t\tasync.forEach(files, function(file, next) {","\t\t\t\tfs.unlink(file, next);","\t\t\t}, done);","\t\t}","","\t\t/**","\t\t * Generate font using selected engine","\t\t *","\t\t * @param {Function} done","\t\t */","\t\tfunction generateFont(done) {","\t\t\tvar engine = require('./engines/' + o.engine);","\t\t\tengine(o, function(result) {","\t\t\t\tif (result === false) {","\t\t\t\t\t// Font was not created, exit","\t\t\t\t\tcompleteTask();","\t\t\t\t\treturn;","\t\t\t\t}","","\t\t\t\tif (result) {","\t\t\t\t\to = _.extend(o, result);","\t\t\t\t}","","\t\t\t\tdone();","\t\t\t});","\t\t}","","\t\t/**","\t\t * Converts TTF font to WOFF2.","\t\t *","\t\t * @param {Function} done","\t\t */","\t\tfunction generateWoff2Font(done) {","\t\t\tif (!has(o.types, 'woff2')) {","\t\t\t\tdone();","\t\t\t\treturn;","\t\t\t}","","\t\t\t// Read TTF font","\t\t\tvar ttfFontPath = wf.getFontPath(o, 'ttf');","\t\t\tvar ttfFont = fs.readFileSync(ttfFontPath);","","\t\t\t// Remove TTF font if not needed","\t\t\tif (!has(o.types, 'ttf')) {","\t\t\t\tfs.unlinkSync(ttfFontPath);","\t\t\t}","","\t\t\t// Convert to WOFF2","\t\t\tvar woffFont = ttf2woff2(ttfFont);","","\t\t\t// Save","\t\t\tvar woff2FontPath = wf.getFontPath(o, 'woff2');","\t\t\tfs.writeFile(woff2FontPath, woffFont, done);","\t\t}","","\t\t/**","\t\t * Generate CSS","\t\t *","\t\t * @param {Function} done","\t\t */","\t\tfunction generateStylesheets(done) {","\t\t\t// Convert codepoints to array of strings","\t\t\tvar codepoints = [];","\t\t\t_.each(o.glyphs, function(name) {","\t\t\t\tcodepoints.push(o.codepoints[name].toString(16));","\t\t\t});","\t\t\to.codepoints = codepoints;","","\t\t\t// Prepage glyph names to use as CSS classes","\t\t\to.glyphs = _.map(o.glyphs, classnameize);","","\t\t\to.stylesheets.forEach(generateStylesheet);","","\t\t\tdone();","\t\t}","","\t\t/**","\t\t * Generate CSS","\t\t *","\t\t * @param {String} stylesheet type: css, scss, ...","\t\t */","\t\tfunction generateStylesheet(stylesheet) {","\t\t\to.relativeFontPath = normalizePath(o.relativeFontPath);","","\t\t\t// Generate font URLs to use in @font-face","\t\t\tvar fontSrcs = [[], []];","\t\t\to.order.forEach(function(type) {","\t\t\t\tif (!has(o.types, type)) return;","\t\t\t\twf.fontsSrcsMap[type].forEach(function(font, idx) {","\t\t\t\t\tif (font) {","\t\t\t\t\t\tfontSrcs[idx].push(generateFontSrc(type, font));","\t\t\t\t\t}","\t\t\t\t});","\t\t\t});","","\t\t\t// Convert urls to strings that could be used in CSS","\t\t\tvar fontSrcSeparator = option(wf.fontSrcSeparators, stylesheet);","\t\t\tfontSrcs.forEach(function(font, idx) {","\t\t\t\t// o.fontSrc1, o.fontSrc2","\t\t\t\to['fontSrc'+(idx+1)] = font.join(fontSrcSeparator);","\t\t\t});","\t\t\to.fontRawSrcs = fontSrcs;","","\t\t\t// Read JSON file corresponding to CSS template","\t\t\tvar templateJson = readTemplate(o.template, o.syntax, '.json', true);","\t\t\tif (templateJson) o = _.extend(o, JSON.parse(templateJson.template));","","\t\t\t// Now override values with templateOptions","\t\t\tif (o.templateOptions) o = _.extend(o, o.templateOptions);","","\t\t\t// Generate CSS","\t\t\tvar ext = path.extname(o.template) || '.css';  // Use extension of o.template file if given, or default to .css","\t\t\to.cssTemplate = readTemplate(o.template, o.syntax, ext);","\t\t\tvar cssContext = _.extend(o, {","\t\t\t\ticonsStyles: true,","\t\t\t\tstylesheet: stylesheet","\t\t\t});","","\t\t\tvar css = renderTemplate(o.cssTemplate, cssContext);","","\t\t\t// Fix CSS preprocessors comments: single line comments will be removed after compilation","\t\t\tif (has(['sass', 'scss', 'less', 'styl'], stylesheet)) {","\t\t\t\tcss = css.replace(/\\/\\* *(.*?) *\\*\\//g, '// $1');","\t\t\t}","","\t\t\t// Save file","\t\t\tfs.writeFileSync(getCssFilePath(stylesheet), css);","\t\t}","","\t\t/**","\t\t * Gets the codepoints from the set filepath in o.codepointsFile","\t\t */","\t\tfunction readCodepointsFromFile(){","\t\t\tif (!o.codepointsFile) return {};","\t\t\tif (!fs.existsSync(o.codepointsFile)){","\t\t\t\tlogger.verbose('Codepoints file not found');","\t\t\t\treturn {};","\t\t\t}","","\t\t\tvar buffer = fs.readFileSync(o.codepointsFile);","\t\t\treturn JSON.parse(buffer.toString());","\t\t}","","\t\t/**","\t\t * Saves the codespoints to the set file","\t\t */","\t\tfunction saveCodepointsToFile(){","\t\t\tif (!o.codepointsFile) return;","\t\t\tvar codepointsToString = JSON.stringify(o.codepoints, null, 4);","\t\t\ttry {","\t\t\t\tfs.writeFileSync(o.codepointsFile, codepointsToString);","\t\t\t\tlogger.verbose('Codepoints saved to file \"' + o.codepointsFile + '\".');","\t\t\t} catch (err) {","\t\t\t\tlogger.error(err.message);","\t\t\t}","\t\t}","","\t\t/*","\t\t * Prepares base context for templates","\t\t */","\t\tfunction prepareBaseTemplateContext() {","\t\t\tvar context = _.extend({}, o);","\t\t\treturn context;","\t\t}","","\t\t/*","\t\t * Makes custom extends necessary for use with preparing the template context","\t\t * object for the HTML demo.","\t\t */","\t\tfunction prepareHtmlTemplateContext() {","","\t\t\tvar context = prepareBaseTemplateContext();","","\t\t\tvar htmlStyles;","","\t\t\t// Prepare relative font paths for injection into @font-face refs in HTML","\t\t\tvar relativeRe = new RegExp(_s.escapeRegExp(o.relativeFontPath), 'g');","\t\t\tvar htmlRelativeFontPath = normalizePath(path.relative(o.destHtml, o.dest));","\t\t\tvar _fontSrc1 = o.fontSrc1.replace(relativeRe, htmlRelativeFontPath);","\t\t\tvar _fontSrc2 = o.fontSrc2.replace(relativeRe, htmlRelativeFontPath);","","\t\t\t_.extend(context, {","\t\t\t\tfontSrc1: _fontSrc1,","\t\t\t\tfontSrc2: _fontSrc2,","\t\t\t\tfontfaceStyles: true,","\t\t\t\tbaseStyles: true,","\t\t\t\textraStyles: false,","\t\t\t\ticonsStyles: true,","\t\t\t\tstylesheet: 'css'","\t\t\t});","","\t\t\t// Prepares CSS for injection into <style> tag at to of HTML","\t\t\thtmlStyles = renderTemplate(o.cssTemplate, context);","\t\t\t_.extend(context, {","\t\t\t\tstyles: htmlStyles","\t\t\t});","","\t\t\treturn context;","\t\t}","","\t\t/*","\t\t * Iterator function used as callback by looping construct below to","\t\t * render \"custom output\" via mini configuration objects specified in","\t\t * the array `options.customOutputs`.","\t\t */","\t\tfunction generateCustomOutput(outputConfig) {","","\t\t\t// Accesses context","\t\t\tvar context = prepareBaseTemplateContext();","\t\t\t_.extend(context, outputConfig.context);","","\t\t\t// Prepares config attributes related to template filepath","\t\t\tvar templatePath = outputConfig.template;","\t\t\tvar extension = path.extname(templatePath);","\t\t\tvar syntax = outputConfig.syntax || '';","","\t\t\t// Renders template with given context","\t\t\tvar template = readTemplate(templatePath, syntax, extension);","\t\t\tvar output = renderTemplate(template, context);","","\t\t\t// Prepares config attributes related to destination filepath","\t\t\tvar dest = outputConfig.dest || o.dest;","","\t\t\tvar filepath;","\t\t\tvar destParent;","\t\t\tvar destName;","","\t\t\tif (path.extname(dest) === '') {","\t\t\t\t// If user specifies a directory, filename should be same as template","\t\t\t\tdestParent = dest;","\t\t\t\tdestName = path.basename(outputConfig.template);","\t\t\t\tfilepath = path.join(dest, destName);","\t\t\t}","\t\t\telse {","\t\t\t\t// If user specifies a file, that is our filepath","\t\t\t\tdestParent = path.dirname(dest);","\t\t\t\tfilepath = dest;","\t\t\t}","","\t\t\t// Ensure existence of parent directory and output to file as desired","\t\t\tmkdirp.sync(destParent);","\t\t\tfs.writeFileSync(filepath, output);","\t\t}","","\t\t/*","\t\t * Iterates over entries in the `options.customOutputs` object and,","\t\t * on a config-by-config basis, generates the desired results.","\t\t */","\t\tfunction generateCustomOutputs(done) {","","\t\t\tif (!o.customOutputs || o.customOutputs.length < 1) {","\t\t\t\tdone();","\t\t\t\treturn;","\t\t\t}","","\t\t\t_.each(o.customOutputs, generateCustomOutput);","\t\t\tdone();","\t\t}","","\t\t/**","\t\t * Generate HTML demo page","\t\t *","\t\t * @param {Function} done","\t\t */","\t\tfunction generateDemoHtml(done) {","\t\t\tif (!o.htmlDemo) {","\t\t\t\tdone();","\t\t\t\treturn;","\t\t\t}","","\t\t\tvar context = prepareHtmlTemplateContext();","","\t\t\t// Generate HTML","\t\t\tvar demoTemplate = readTemplate(o.htmlDemoTemplate, 'demo', '.html');","\t\t\tvar demo = renderTemplate(demoTemplate, context);","","\t\t\tmkdirp(getDemoPath(), function(err) {","\t\t\t\tif (err) {","\t\t\t\t\tlogger.log(err);","\t\t\t\t\treturn;","\t\t\t\t}","\t\t\t\t// Save file","\t\t\t\tfs.writeFileSync(getDemoFilePath(), demo);","\t\t\t\tdone();","\t\t\t});","","\t\t}","","\t\t/**","\t\t * Print log","\t\t *","\t\t * @param {Function} done","\t\t */","\t\tfunction printDone(done) {","\t\t\tlogger.log('Font ' + chalk.cyan(o.fontName) + ' with ' + o.glyphs.length + ' glyphs created.');","\t\t\tdone();","\t\t}","","","\t\t/**","\t\t * Helpers","\t\t */","","\t\t/**","\t\t * Convert a string of comma separated words into an array","\t\t *","\t\t * @param {String} val Input string","\t\t * @param {String} defVal Default value","\t\t * @return {Array}","\t\t */","\t\tfunction optionToArray(val, defVal) {","\t\t\tif (val === undefined) {","\t\t\t\tval = defVal;","\t\t\t}","\t\t\tif (!val) {","\t\t\t\treturn [];","\t\t\t}","\t\t\tif (typeof val !== 'string') {","\t\t\t\treturn val;","\t\t\t}","\t\t\treturn val.split(',').map(_.trim);","\t\t}","","\t\t/**","\t\t * Check if a value exists in an array","\t\t *","\t\t * @param {Array} haystack Array to find the needle in","\t\t * @param {Mixed} needle Value to find","\t\t * @return {Boolean} Needle was found","\t\t */","\t\tfunction has(haystack, needle) {","\t\t\treturn haystack.indexOf(needle) !== -1;","\t\t}","","\t\t/**","\t\t * Return a specified option if it exists in an object or `_default` otherwise","\t\t *","\t\t * @param {Object} map Options object","\t\t * @param {String} key Option to find in the object","\t\t * @return {Mixed}","\t\t */","\t\tfunction option(map, key) {","\t\t\tif (key in map) {","\t\t\t\treturn map[key];","\t\t\t}","\t\t\telse {","\t\t\t\treturn map._default;","\t\t\t}","\t\t}","","\t\t/**","\t\t * Find next unused codepoint.","\t\t *","\t\t * @return {Integer}","\t\t */","\t\tfunction getNextCodepoint() {","\t\t\twhile (_.includes(o.codepoints, currentCodepoint)) {","\t\t\t\tcurrentCodepoint++;","\t\t\t}","\t\t\treturn currentCodepoint;","\t\t}","","\t\t/**","\t\t * Check whether file is SVG or not","\t\t *","\t\t * @param {String} filepath File path","\t\t * @return {Boolean}","\t\t */","\t\tfunction isSvgFile(filepath) {","\t\t\treturn path.extname(filepath).toLowerCase() === '.svg';","\t\t}","","\t\t/**","\t\t * Convert font file to data:uri and remove source file","\t\t *","\t\t * @param {String} fontFile Font file path","\t\t * @return {String} Base64 encoded string","\t\t */","\t\tfunction embedFont(fontFile) {","\t\t\t// Convert to data:uri","\t\t\tvar dataUri = fs.readFileSync(fontFile, 'base64');","\t\t\tvar type = path.extname(fontFile).substring(1);","\t\t\tvar fontUrl = 'data:application/x-font-' + type + ';charset=utf-8;base64,' + dataUri;","","\t\t\t// Remove font file","\t\t\tfs.unlinkSync(fontFile);","","\t\t\treturn fontUrl;","\t\t}","","\t\t/**","\t\t * Append a slash to end of a filepath if it not exists and make all slashes forward","\t\t *","\t\t * @param {String} filepath File path","\t\t * @return {String}","\t\t */","\t\tfunction normalizePath(filepath) {","\t\t\tif (!filepath.length) return filepath;","","\t\t\t// Make all slashes forward","\t\t\tfilepath = filepath.replace(/\\\\/g, '/');","","\t\t\t// Make sure path ends with a slash","\t\t\tif (!_s.endsWith(filepath, '/')) {","\t\t\t\tfilepath += '/';","\t\t\t}","","\t\t\treturn filepath;","\t\t}","","\t\t/**","\t\t * Generate URL for @font-face","\t\t *","\t\t * @param {String} type Type of font","\t\t * @param {Object} font URL or Base64 string","\t\t * @return {String}","\t\t */","\t\tfunction generateFontSrc(type, font) {","\t\t\tvar filename = template(o.fontFilename + font.ext, o);","","\t\t\tvar url;","\t\t\tif (font.embeddable && has(o.embed, type)) {","\t\t\t\turl = embedFont(path.join(o.dest, filename));","\t\t\t}","\t\t\telse {","\t\t\t\turl = o.relativeFontPath + filename;","\t\t\t\tif (o.addHashes) {","\t\t\t\t\tif (url.indexOf('#iefix') === -1) {  // Do not add hashes for OldIE","\t\t\t\t\t\t// Put hash at the end of an URL or before #hash","\t\t\t\t\t\turl = url.replace(/(#|$)/, '?' + o.hash + '$1');","\t\t\t\t\t}","\t\t\t\t}","\t\t\t}","","\t\t\tvar src = 'url(\"' + url + '\")';","\t\t\tif (font.format) src += ' format(\"' + font.format + '\")';","","\t\t\treturn src;","\t\t}","","\t\t/**","\t\t * Reat the template file","\t\t *","\t\t * @param {String} template Template file path","\t\t * @param {String} syntax Syntax (bem, bootstrap, etc.)","\t\t * @param {String} ext Extention of the template","\t\t * @return {Object} {filename: 'Template filename', template: 'Template code'}","\t\t */","\t\tfunction readTemplate(template, syntax, ext, optional) {","\t\t\tvar filename = template","\t\t\t\t? path.resolve(template.replace(path.extname(template), ext))","\t\t\t\t: path.join(__dirname, 'templates/' + syntax + ext)","\t\t\t;","\t\t\tif (fs.existsSync(filename)) {","\t\t\t\treturn {","\t\t\t\t\tfilename: filename,","\t\t\t\t\ttemplate: fs.readFileSync(filename, 'utf8')","\t\t\t\t};","\t\t\t}","\t\t\telse if (!optional) {","\t\t\t\treturn grunt.fail.fatal('Cannot find template at path: ' + filename);","\t\t\t}","\t\t}","","\t\t/**","\t\t * Render template with error reporting","\t\t *","\t\t * @param {Object} template {filename: 'Template filename', template: 'Template code'}","\t\t * @param {Object} context Template context","\t\t * @return {String}","\t\t */","\t\tfunction renderTemplate(template, context) {","\t\t\ttry {","\t\t\t\tvar func = _.template(template.template);","\t\t\t\treturn func(context);","\t\t\t}","\t\t\tcatch (e) {","\t\t\t\tgrunt.fail.fatal('Error while rendering template ' + template.filename + ': ' + e.message);","\t\t\t}","\t\t}","","\t\t/**","\t\t * Basic template function: replaces {variables}","\t\t *","\t\t * @param {Template} tmpl Template code","\t\t * @param {Object} context Values object","\t\t * @return {String}","\t\t */","\t\tfunction template(tmpl, context) {","\t\t\treturn tmpl.replace(/\\{([^\\}]+)\\}/g, function(m, key) {","\t\t\t\treturn context[key];","\t\t\t});","\t\t}","","\t\t/**","\t\t * Prepare string to use as CSS class name","\t\t *","\t\t * @param {String} str","\t\t * @return {String}","\t\t */","\t\tfunction classnameize(str) {","\t\t\treturn _s.trim(str).replace(/\\s+/g, '-');","\t\t}","","\t\t/**","\t\t * Return path of CSS file.","\t\t *","\t\t * @param {String} stylesheet (css, scss, ...)","\t\t * @return {String}","\t\t */","\t\tfunction getCssFilePath(stylesheet) {","\t\t\tvar cssFilePrefix = option(wf.cssFilePrefixes, stylesheet);","\t\t\treturn path.join(option(o.destCssPaths, stylesheet), cssFilePrefix + o.fontBaseName + '.' + stylesheet);","\t\t}","","\t\t/**","\t\t * Return path of HTML demo file or `null` if its generation was disabled.","\t\t *","\t\t * @return {String}","\t\t */","\t\tfunction getDemoFilePath() {","\t\t\tif (!o.htmlDemo) return null;","\t\t\tvar name = o.htmlDemoFilename || o.fontBaseName;","\t\t\treturn path.join(o.destHtml, name + '.html');","\t\t}","","\t\t/**","\t\t * Return path of HTML demo file or `null` if feature was disabled","\t\t */","\t\tfunction getDemoPath() {","\t\t\tif (!o.htmlDemo) return null;","\t\t\treturn o.destHtml;","\t\t}","","\t\t/**","\t\t * Save hash to cache file.","\t\t *","\t\t * @param {String} name Task name (webfont).","\t\t * @param {String} target Task target name.","\t\t * @param {String} hash Hash.","\t\t */","\t\tfunction saveHash(name, target, hash) {","\t\t\tvar filepath = getHashPath(name, target);","\t\t\tmkdirp.sync(path.dirname(filepath));","\t\t\tfs.writeFileSync(filepath, hash);","\t\t}","","\t\t/**","\t\t * Read hash from cache file or `null` if file don’t exist.","\t\t *","\t\t * @param {String} name Task name (webfont).","\t\t * @param {String} target Task target name.","\t\t * @return {String}","\t\t */","\t\tfunction readHash(name, target) {","\t\t\tvar filepath = getHashPath(name, target);","\t\t\tif (fs.existsSync(filepath)) {","\t\t\t\treturn fs.readFileSync(filepath, 'utf8');","\t\t\t}","\t\t\treturn null;","\t\t}","","\t\t/**","\t\t * Return path to cache file.","\t\t *","\t\t * @param {String} name Task name (webfont).","\t\t * @param {String} target Task target name.","\t\t * @return {String}","\t\t */","\t\tfunction getHashPath(name, target) {","\t\t\treturn path.join(o.cache, name, target, 'hash');","\t\t}","\t});","};",""],"l":{"8":1,"11":0,"12":0,"13":0,"14":0,"15":0,"16":0,"17":0,"18":0,"19":0,"20":0,"21":0,"23":0,"28":0,"30":0,"33":0,"36":0,"39":0,"43":0,"44":0,"45":0,"46":0,"51":0,"56":0,"57":0,"61":0,"62":0,"63":0,"67":0,"68":0,"69":0,"70":0,"71":0,"75":0,"76":0,"80":0,"122":0,"140":0,"141":0,"142":0,"145":0,"146":0,"151":0,"152":0,"153":0,"154":0,"155":0,"156":0,"159":0,"162":0,"163":0,"164":0,"165":0,"166":0,"168":0,"169":0,"170":0,"173":0,"174":0,"175":0,"178":0,"179":0,"180":0,"181":0,"182":0,"184":0,"187":0,"188":0,"189":0,"190":0,"195":0,"196":0,"210":1,"211":0,"212":0,"214":0,"223":1,"225":0,"226":0,"230":0,"233":0,"234":0,"237":0,"238":0,"240":0,"241":0,"244":0,"252":1,"253":0,"254":0,"256":0,"257":0,"265":1,"266":0,"267":0,"268":0,"269":0,"278":1,"279":0,"280":0,"281":0,"283":0,"284":0,"287":0,"288":0,"291":0,"300":1,"301":0,"302":0,"303":0,"307":0,"308":0,"311":0,"312":0,"316":0,"319":0,"320":0,"328":1,"330":0,"331":0,"332":0,"334":0,"337":0,"339":0,"341":0,"349":1,"350":0,"353":0,"354":0,"355":0,"356":0,"357":0,"358":0,"364":0,"365":0,"367":0,"369":0,"372":0,"373":0,"376":0,"379":0,"380":0,"381":0,"386":0,"389":0,"390":0,"394":0,"400":1,"401":0,"402":0,"403":0,"404":0,"407":0,"408":0,"414":1,"415":0,"416":0,"417":0,"418":0,"419":0,"421":0,"428":1,"429":0,"430":0,"437":1,"439":0,"441":0,"444":0,"445":0,"446":0,"447":0,"449":0,"460":0,"461":0,"465":0,"473":1,"476":0,"477":0,"480":0,"481":0,"482":0,"485":0,"486":0,"489":0,"491":0,"492":0,"493":0,"495":0,"497":0,"498":0,"499":0,"503":0,"504":0,"508":0,"509":0,"516":1,"518":0,"519":0,"520":0,"523":0,"524":0,"532":1,"533":0,"534":0,"535":0,"538":0,"541":0,"542":0,"544":0,"545":0,"546":0,"547":0,"550":0,"551":0,"561":1,"562":0,"563":0,"578":1,"579":0,"580":0,"582":0,"583":0,"585":0,"586":0,"588":0,"598":1,"599":0,"609":1,"610":0,"611":0,"614":0,"623":1,"624":0,"625":0,"627":0,"636":1,"637":0,"646":1,"648":0,"649":0,"650":0,"653":0,"655":0,"664":1,"665":0,"668":0,"671":0,"672":0,"675":0,"685":1,"686":0,"688":0,"689":0,"690":0,"693":0,"694":0,"695":0,"697":0,"702":0,"703":0,"705":0,"716":1,"717":0,"721":0,"722":0,"727":0,"728":0,"739":1,"740":0,"741":0,"742":0,"745":0,"756":1,"757":0,"758":0,"768":1,"769":0,"778":1,"779":0,"780":0,"788":1,"789":0,"790":0,"791":0,"797":1,"798":0,"799":0,"809":1,"810":0,"811":0,"812":0,"822":1,"823":0,"824":0,"825":0,"827":0,"837":1,"838":0}}}